{"/Users/galvao/workspace/sorteio-vagas/config.js": {"path":"/Users/galvao/workspace/sorteio-vagas/config.js","statementMap":{"0":{"start":{"line":1,"column":0},"end":{"line":1,"column":27}},"1":{"start":{"line":3,"column":17},"end":{"line":3,"column":30}},"2":{"start":{"line":4,"column":21},"end":{"line":4,"column":58}},"3":{"start":{"line":6,"column":25},"end":{"line":6,"column":162}},"4":{"start":{"line":8,"column":13},"end":{"line":11,"column":2}},"5":{"start":{"line":13,"column":0},"end":{"line":13,"column":26}}},"fnMap":{},"branchMap":{"0":{"loc":{"start":{"line":9,"column":20},"end":{"line":9,"column":78}},"type":"cond-expr","locations":[{"start":{"line":9,"column":35},"end":{"line":9,"column":59}},{"start":{"line":9,"column":62},"end":{"line":9,"column":78}}],"line":9},"1":{"loc":{"start":{"line":10,"column":7},"end":{"line":10,"column":59}},"type":"cond-expr","locations":[{"start":{"line":10,"column":22},"end":{"line":10,"column":51}},{"start":{"line":10,"column":54},"end":{"line":10,"column":59}}],"line":10}},"s":{"0":2,"1":2,"2":2,"3":2,"4":2,"5":2},"f":{},"b":{"0":[0,2],"1":[0,2]},"_coverageSchema":"1a1c01bbd47fc00a2c39e90264f33305004495a9","hash":"4733c03fcad7f96bc28c7fa5c4e933019d92c07f"}
,"/Users/galvao/workspace/sorteio-vagas/index.js": {"path":"/Users/galvao/workspace/sorteio-vagas/index.js","statementMap":{"0":{"start":{"line":1,"column":0},"end":{"line":1,"column":27}},"1":{"start":{"line":2,"column":24},"end":{"line":2,"column":71}},"2":{"start":{"line":3,"column":16},"end":{"line":3,"column":34}},"3":{"start":{"line":4,"column":11},"end":{"line":4,"column":24}},"4":{"start":{"line":6,"column":15},"end":{"line":6,"column":32}},"5":{"start":{"line":7,"column":20},"end":{"line":7,"column":42}},"6":{"start":{"line":8,"column":18},"end":{"line":8,"column":47}},"7":{"start":{"line":10,"column":17},"end":{"line":10,"column":36}},"8":{"start":{"line":12,"column":12},"end":{"line":12,"column":21}},"9":{"start":{"line":13,"column":17},"end":{"line":13,"column":39}},"10":{"start":{"line":15,"column":0},"end":{"line":15,"column":30}},"11":{"start":{"line":16,"column":0},"end":{"line":16,"column":34}},"12":{"start":{"line":17,"column":0},"end":{"line":17,"column":49}},"13":{"start":{"line":18,"column":0},"end":{"line":18,"column":27}},"14":{"start":{"line":19,"column":0},"end":{"line":19,"column":52}},"15":{"start":{"line":20,"column":0},"end":{"line":20,"column":23}},"16":{"start":{"line":21,"column":0},"end":{"line":41,"column":2}},"17":{"start":{"line":43,"column":17},"end":{"line":43,"column":36}},"18":{"start":{"line":44,"column":16},"end":{"line":44,"column":42}},"19":{"start":{"line":45,"column":23},"end":{"line":45,"column":49}},"20":{"start":{"line":46,"column":17},"end":{"line":46,"column":50}},"21":{"start":{"line":48,"column":15},"end":{"line":60,"column":1}},"22":{"start":{"line":63,"column":0},"end":{"line":63,"column":22}},"23":{"start":{"line":65,"column":14},"end":{"line":65,"column":16}},"24":{"start":{"line":66,"column":23},"end":{"line":66,"column":49}},"25":{"start":{"line":68,"column":27},"end":{"line":68,"column":55}},"26":{"start":{"line":69,"column":0},"end":{"line":73,"column":2}},"27":{"start":{"line":71,"column":13},"end":{"line":71,"column":55}},"28":{"start":{"line":71,"column":34},"end":{"line":71,"column":54}},"29":{"start":{"line":72,"column":10},"end":{"line":72,"column":46}},"30":{"start":{"line":72,"column":31},"end":{"line":72,"column":45}},"31":{"start":{"line":76,"column":23},"end":{"line":76,"column":38}},"32":{"start":{"line":78,"column":14},"end":{"line":78,"column":30}},"33":{"start":{"line":79,"column":19},"end":{"line":79,"column":52}},"34":{"start":{"line":80,"column":20},"end":{"line":87,"column":2}},"35":{"start":{"line":91,"column":2},"end":{"line":91,"column":30}},"36":{"start":{"line":93,"column":2},"end":{"line":95,"column":5}},"37":{"start":{"line":94,"column":4},"end":{"line":94,"column":38}},"38":{"start":{"line":97,"column":0},"end":{"line":97,"column":15}},"39":{"start":{"line":100,"column":0},"end":{"line":117,"column":2}},"40":{"start":{"line":103,"column":6},"end":{"line":103,"column":22}},"41":{"start":{"line":119,"column":0},"end":{"line":119,"column":31}},"42":{"start":{"line":120,"column":0},"end":{"line":120,"column":28}},"43":{"start":{"line":121,"column":0},"end":{"line":121,"column":35}},"44":{"start":{"line":124,"column":16},"end":{"line":127,"column":2}},"45":{"start":{"line":129,"column":0},"end":{"line":176,"column":3}},"46":{"start":{"line":130,"column":25},"end":{"line":130,"column":51}},"47":{"start":{"line":131,"column":2},"end":{"line":140,"column":3}},"48":{"start":{"line":132,"column":4},"end":{"line":139,"column":5}},"49":{"start":{"line":136,"column":6},"end":{"line":138,"column":70}},"50":{"start":{"line":141,"column":2},"end":{"line":149,"column":3}},"51":{"start":{"line":142,"column":4},"end":{"line":142,"column":84}},"52":{"start":{"line":143,"column":4},"end":{"line":145,"column":6}},"53":{"start":{"line":147,"column":4},"end":{"line":147,"column":41}},"54":{"start":{"line":148,"column":4},"end":{"line":148,"column":43}},"55":{"start":{"line":150,"column":2},"end":{"line":172,"column":3}},"56":{"start":{"line":155,"column":18},"end":{"line":155,"column":39}},"57":{"start":{"line":156,"column":4},"end":{"line":171,"column":6}},"58":{"start":{"line":159,"column":8},"end":{"line":169,"column":9}},"59":{"start":{"line":160,"column":10},"end":{"line":160,"column":37}},"60":{"start":{"line":162,"column":10},"end":{"line":168,"column":11}},"61":{"start":{"line":163,"column":12},"end":{"line":163,"column":70}},"62":{"start":{"line":164,"column":12},"end":{"line":167,"column":14}},"63":{"start":{"line":173,"column":2},"end":{"line":173,"column":80}},"64":{"start":{"line":174,"column":2},"end":{"line":174,"column":49}},"65":{"start":{"line":175,"column":2},"end":{"line":175,"column":9}},"66":{"start":{"line":178,"column":0},"end":{"line":247,"column":3}},"67":{"start":{"line":179,"column":2},"end":{"line":246,"column":3}},"68":{"start":{"line":181,"column":4},"end":{"line":236,"column":5}},"69":{"start":{"line":182,"column":20},"end":{"line":182,"column":41}},"70":{"start":{"line":183,"column":6},"end":{"line":220,"column":8}},"71":{"start":{"line":188,"column":10},"end":{"line":218,"column":11}},"72":{"start":{"line":189,"column":12},"end":{"line":189,"column":39}},"73":{"start":{"line":191,"column":12},"end":{"line":217,"column":13}},"74":{"start":{"line":192,"column":14},"end":{"line":207,"column":17}},"75":{"start":{"line":209,"column":14},"end":{"line":216,"column":17}},"76":{"start":{"line":224,"column":6},"end":{"line":227,"column":7}},"77":{"start":{"line":225,"column":8},"end":{"line":226,"column":125}},"78":{"start":{"line":228,"column":6},"end":{"line":235,"column":9}},"79":{"start":{"line":238,"column":4},"end":{"line":245,"column":7}},"80":{"start":{"line":250,"column":23},"end":{"line":250,"column":51}},"81":{"start":{"line":251,"column":20},"end":{"line":251,"column":45}},"82":{"start":{"line":252,"column":22},"end":{"line":252,"column":49}},"83":{"start":{"line":253,"column":24},"end":{"line":253,"column":53}},"84":{"start":{"line":254,"column":20},"end":{"line":254,"column":45}},"85":{"start":{"line":255,"column":26},"end":{"line":255,"column":57}},"86":{"start":{"line":257,"column":0},"end":{"line":257,"column":24}},"87":{"start":{"line":258,"column":0},"end":{"line":258,"column":21}},"88":{"start":{"line":259,"column":0},"end":{"line":259,"column":23}},"89":{"start":{"line":260,"column":0},"end":{"line":260,"column":25}},"90":{"start":{"line":261,"column":0},"end":{"line":261,"column":21}},"91":{"start":{"line":262,"column":0},"end":{"line":262,"column":27}},"92":{"start":{"line":265,"column":13},"end":{"line":265,"column":37}},"93":{"start":{"line":266,"column":0},"end":{"line":293,"column":1}},"94":{"start":{"line":268,"column":16},"end":{"line":268,"column":32}},"95":{"start":{"line":269,"column":17},"end":{"line":284,"column":6}},"96":{"start":{"line":285,"column":2},"end":{"line":285,"column":26}},"97":{"start":{"line":287,"column":2},"end":{"line":291,"column":5}},"98":{"start":{"line":288,"column":4},"end":{"line":290,"column":6}},"99":{"start":{"line":292,"column":2},"end":{"line":292,"column":26}}},"fnMap":{"0":{"name":"(anonymous_0)","decl":{"start":{"line":71,"column":2},"end":{"line":71,"column":3}},"loc":{"start":{"line":71,"column":13},"end":{"line":71,"column":55}},"line":71},"1":{"name":"(anonymous_1)","decl":{"start":{"line":71,"column":24},"end":{"line":71,"column":25}},"loc":{"start":{"line":71,"column":34},"end":{"line":71,"column":54}},"line":71},"2":{"name":"(anonymous_2)","decl":{"start":{"line":72,"column":2},"end":{"line":72,"column":3}},"loc":{"start":{"line":72,"column":10},"end":{"line":72,"column":46}},"line":72},"3":{"name":"(anonymous_3)","decl":{"start":{"line":72,"column":21},"end":{"line":72,"column":22}},"loc":{"start":{"line":72,"column":31},"end":{"line":72,"column":45}},"line":72},"4":{"name":"redisConnect","decl":{"start":{"line":90,"column":15},"end":{"line":90,"column":27}},"loc":{"start":{"line":90,"column":30},"end":{"line":96,"column":1}},"line":90},"5":{"name":"(anonymous_5)","decl":{"start":{"line":93,"column":26},"end":{"line":93,"column":27}},"loc":{"start":{"line":93,"column":35},"end":{"line":95,"column":3}},"line":93},"6":{"name":"(anonymous_6)","decl":{"start":{"line":102,"column":11},"end":{"line":102,"column":12}},"loc":{"start":{"line":102,"column":20},"end":{"line":104,"column":5}},"line":102},"7":{"name":"(anonymous_7)","decl":{"start":{"line":129,"column":17},"end":{"line":129,"column":18}},"loc":{"start":{"line":129,"column":46},"end":{"line":176,"column":1}},"line":129},"8":{"name":"(anonymous_8)","decl":{"start":{"line":158,"column":6},"end":{"line":158,"column":7}},"loc":{"start":{"line":158,"column":26},"end":{"line":170,"column":7}},"line":158},"9":{"name":"(anonymous_9)","decl":{"start":{"line":178,"column":13},"end":{"line":178,"column":14}},"loc":{"start":{"line":178,"column":42},"end":{"line":247,"column":1}},"line":178},"10":{"name":"(anonymous_10)","decl":{"start":{"line":187,"column":8},"end":{"line":187,"column":9}},"loc":{"start":{"line":187,"column":28},"end":{"line":219,"column":9}},"line":187},"11":{"name":"(anonymous_11)","decl":{"start":{"line":278,"column":18},"end":{"line":278,"column":19}},"loc":{"start":{"line":278,"column":24},"end":{"line":284,"column":5}},"line":278},"12":{"name":"(anonymous_12)","decl":{"start":{"line":287,"column":19},"end":{"line":287,"column":20}},"loc":{"start":{"line":287,"column":25},"end":{"line":291,"column":3}},"line":287}},"branchMap":{"0":{"loc":{"start":{"line":2,"column":24},"end":{"line":2,"column":71}},"type":"cond-expr","locations":[{"start":{"line":2,"column":59},"end":{"line":2,"column":63}},{"start":{"line":2,"column":66},"end":{"line":2,"column":71}}],"line":2},"1":{"loc":{"start":{"line":84,"column":9},"end":{"line":84,"column":39}},"type":"cond-expr","locations":[{"start":{"line":84,"column":27},"end":{"line":84,"column":32}},{"start":{"line":84,"column":35},"end":{"line":84,"column":39}}],"line":84},"2":{"loc":{"start":{"line":131,"column":2},"end":{"line":140,"column":3}},"type":"if","locations":[{"start":{"line":131,"column":2},"end":{"line":140,"column":3}},{"start":{},"end":{}}],"line":131},"3":{"loc":{"start":{"line":132,"column":4},"end":{"line":139,"column":5}},"type":"if","locations":[{"start":{"line":132,"column":4},"end":{"line":139,"column":5}},{"start":{},"end":{}}],"line":132},"4":{"loc":{"start":{"line":133,"column":6},"end":{"line":134,"column":54}},"type":"binary-expr","locations":[{"start":{"line":133,"column":6},"end":{"line":133,"column":31}},{"start":{"line":134,"column":6},"end":{"line":134,"column":54}}],"line":133},"5":{"loc":{"start":{"line":141,"column":2},"end":{"line":149,"column":3}},"type":"if","locations":[{"start":{"line":141,"column":2},"end":{"line":149,"column":3}},{"start":{"line":146,"column":9},"end":{"line":149,"column":3}}],"line":141},"6":{"loc":{"start":{"line":150,"column":2},"end":{"line":172,"column":3}},"type":"if","locations":[{"start":{"line":150,"column":2},"end":{"line":172,"column":3}},{"start":{},"end":{}}],"line":150},"7":{"loc":{"start":{"line":151,"column":4},"end":{"line":153,"column":51}},"type":"binary-expr","locations":[{"start":{"line":151,"column":4},"end":{"line":151,"column":34}},{"start":{"line":152,"column":5},"end":{"line":152,"column":44}},{"start":{"line":153,"column":6},"end":{"line":153,"column":50}}],"line":151},"8":{"loc":{"start":{"line":159,"column":8},"end":{"line":169,"column":9}},"type":"if","locations":[{"start":{"line":159,"column":8},"end":{"line":169,"column":9}},{"start":{"line":161,"column":15},"end":{"line":169,"column":9}}],"line":159},"9":{"loc":{"start":{"line":162,"column":10},"end":{"line":168,"column":11}},"type":"if","locations":[{"start":{"line":162,"column":10},"end":{"line":168,"column":11}},{"start":{},"end":{}}],"line":162},"10":{"loc":{"start":{"line":179,"column":2},"end":{"line":246,"column":3}},"type":"if","locations":[{"start":{"line":179,"column":2},"end":{"line":246,"column":3}},{"start":{"line":237,"column":9},"end":{"line":246,"column":3}}],"line":179},"11":{"loc":{"start":{"line":181,"column":4},"end":{"line":236,"column":5}},"type":"if","locations":[{"start":{"line":181,"column":4},"end":{"line":236,"column":5}},{"start":{"line":221,"column":11},"end":{"line":236,"column":5}}],"line":181},"12":{"loc":{"start":{"line":188,"column":10},"end":{"line":218,"column":11}},"type":"if","locations":[{"start":{"line":188,"column":10},"end":{"line":218,"column":11}},{"start":{"line":190,"column":17},"end":{"line":218,"column":11}}],"line":188},"13":{"loc":{"start":{"line":191,"column":12},"end":{"line":217,"column":13}},"type":"if","locations":[{"start":{"line":191,"column":12},"end":{"line":217,"column":13}},{"start":{"line":208,"column":19},"end":{"line":217,"column":13}}],"line":191},"14":{"loc":{"start":{"line":224,"column":6},"end":{"line":227,"column":7}},"type":"if","locations":[{"start":{"line":224,"column":6},"end":{"line":227,"column":7}},{"start":{},"end":{}}],"line":224},"15":{"loc":{"start":{"line":233,"column":18},"end":{"line":233,"column":76}},"type":"cond-expr","locations":[{"start":{"line":233,"column":37},"end":{"line":233,"column":69}},{"start":{"line":233,"column":72},"end":{"line":233,"column":76}}],"line":233},"16":{"loc":{"start":{"line":265,"column":13},"end":{"line":265,"column":37}},"type":"binary-expr","locations":[{"start":{"line":265,"column":13},"end":{"line":265,"column":29}},{"start":{"line":265,"column":33},"end":{"line":265,"column":37}}],"line":265},"17":{"loc":{"start":{"line":266,"column":0},"end":{"line":293,"column":1}},"type":"if","locations":[{"start":{"line":266,"column":0},"end":{"line":293,"column":1}},{"start":{"line":286,"column":7},"end":{"line":293,"column":1}}],"line":266}},"s":{"0":1,"1":1,"2":1,"3":1,"4":1,"5":1,"6":1,"7":1,"8":1,"9":1,"10":1,"11":1,"12":1,"13":1,"14":1,"15":1,"16":1,"17":1,"18":1,"19":1,"20":1,"21":1,"22":1,"23":1,"24":1,"25":1,"26":1,"27":0,"28":0,"29":0,"30":0,"31":1,"32":1,"33":1,"34":1,"35":1,"36":1,"37":0,"38":1,"39":1,"40":1,"41":1,"42":1,"43":1,"44":1,"45":1,"46":1,"47":1,"48":0,"49":0,"50":1,"51":0,"52":0,"53":1,"54":1,"55":1,"56":0,"57":0,"58":0,"59":0,"60":0,"61":0,"62":0,"63":1,"64":1,"65":1,"66":1,"67":1,"68":0,"69":0,"70":0,"71":0,"72":0,"73":0,"74":0,"75":0,"76":0,"77":0,"78":0,"79":1,"80":1,"81":1,"82":1,"83":1,"84":1,"85":1,"86":1,"87":1,"88":1,"89":1,"90":1,"91":1,"92":1,"93":1,"94":1,"95":1,"96":1,"97":0,"98":0,"99":0},"f":{"0":0,"1":0,"2":0,"3":0,"4":1,"5":0,"6":1,"7":1,"8":0,"9":1,"10":0,"11":1,"12":0},"b":{"0":[1,0],"1":[1,0],"2":[0,1],"3":[0,0],"4":[0,0],"5":[0,1],"6":[0,1],"7":[1,0,0],"8":[0,0],"9":[0,0],"10":[0,1],"11":[0,0],"12":[0,0],"13":[0,0],"14":[0,0],"15":[0,0],"16":[1,0],"17":[1,0]},"_coverageSchema":"1a1c01bbd47fc00a2c39e90264f33305004495a9","hash":"df80de8d93ba70ea5a0bd4a0a16a9fbb671052b0"}
,"/Users/galvao/workspace/sorteio-vagas/passport-config.js": {"path":"/Users/galvao/workspace/sorteio-vagas/passport-config.js","statementMap":{"0":{"start":{"line":1,"column":22},"end":{"line":1,"column":56}},"1":{"start":{"line":2,"column":15},"end":{"line":2,"column":32}},"2":{"start":{"line":5,"column":29},"end":{"line":19,"column":5}},"3":{"start":{"line":6,"column":21},"end":{"line":6,"column":42}},"4":{"start":{"line":7,"column":8},"end":{"line":9,"column":9}},"5":{"start":{"line":8,"column":12},"end":{"line":8,"column":76}},"6":{"start":{"line":10,"column":8},"end":{"line":18,"column":9}},"7":{"start":{"line":11,"column":12},"end":{"line":15,"column":13}},"8":{"start":{"line":12,"column":16},"end":{"line":12,"column":39}},"9":{"start":{"line":14,"column":16},"end":{"line":14,"column":75}},"10":{"start":{"line":17,"column":12},"end":{"line":17,"column":26}},"11":{"start":{"line":20,"column":4},"end":{"line":20,"column":81}},"12":{"start":{"line":21,"column":4},"end":{"line":21,"column":63}},"13":{"start":{"line":21,"column":43},"end":{"line":21,"column":62}},"14":{"start":{"line":22,"column":4},"end":{"line":24,"column":6}},"15":{"start":{"line":23,"column":8},"end":{"line":23,"column":42}},"16":{"start":{"line":27,"column":0},"end":{"line":27,"column":27}}},"fnMap":{"0":{"name":"initialize","decl":{"start":{"line":4,"column":9},"end":{"line":4,"column":19}},"loc":{"start":{"line":4,"column":59},"end":{"line":25,"column":1}},"line":4},"1":{"name":"(anonymous_1)","decl":{"start":{"line":5,"column":29},"end":{"line":5,"column":30}},"loc":{"start":{"line":5,"column":62},"end":{"line":19,"column":5}},"line":5},"2":{"name":"(anonymous_2)","decl":{"start":{"line":21,"column":27},"end":{"line":21,"column":28}},"loc":{"start":{"line":21,"column":43},"end":{"line":21,"column":62}},"line":21},"3":{"name":"(anonymous_3)","decl":{"start":{"line":22,"column":29},"end":{"line":22,"column":30}},"loc":{"start":{"line":22,"column":43},"end":{"line":24,"column":5}},"line":22}},"branchMap":{"0":{"loc":{"start":{"line":7,"column":8},"end":{"line":9,"column":9}},"type":"if","locations":[{"start":{"line":7,"column":8},"end":{"line":9,"column":9}},{"start":{},"end":{}}],"line":7},"1":{"loc":{"start":{"line":11,"column":12},"end":{"line":15,"column":13}},"type":"if","locations":[{"start":{"line":11,"column":12},"end":{"line":15,"column":13}},{"start":{"line":13,"column":19},"end":{"line":15,"column":13}}],"line":11}},"s":{"0":1,"1":1,"2":1,"3":0,"4":0,"5":0,"6":0,"7":0,"8":0,"9":0,"10":0,"11":1,"12":1,"13":0,"14":1,"15":0,"16":1},"f":{"0":1,"1":0,"2":0,"3":0},"b":{"0":[0,0],"1":[0,0]},"_coverageSchema":"1a1c01bbd47fc00a2c39e90264f33305004495a9","hash":"074ea64760e7a93bcd9a26ef14dd053b80c61ee2"}
,"/Users/galvao/workspace/sorteio-vagas/util.js": {"path":"/Users/galvao/workspace/sorteio-vagas/util.js","statementMap":{"0":{"start":{"line":1,"column":17},"end":{"line":1,"column":36}},"1":{"start":{"line":3,"column":0},"end":{"line":26,"column":1}},"2":{"start":{"line":4,"column":18},"end":{"line":23,"column":4}},"3":{"start":{"line":5,"column":19},"end":{"line":5,"column":44}},"4":{"start":{"line":6,"column":4},"end":{"line":6,"column":51}},"5":{"start":{"line":7,"column":16},"end":{"line":12,"column":5}},"6":{"start":{"line":13,"column":4},"end":{"line":22,"column":9}},"7":{"start":{"line":16,"column":19},"end":{"line":16,"column":48}},"8":{"start":{"line":17,"column":8},"end":{"line":17,"column":26}},"9":{"start":{"line":18,"column":8},"end":{"line":18,"column":22}},"10":{"start":{"line":21,"column":8},"end":{"line":21,"column":29}},"11":{"start":{"line":24,"column":16},"end":{"line":24,"column":31}},"12":{"start":{"line":25,"column":2},"end":{"line":25,"column":18}},"13":{"start":{"line":28,"column":0},"end":{"line":51,"column":1}},"14":{"start":{"line":29,"column":18},"end":{"line":48,"column":4}},"15":{"start":{"line":30,"column":19},"end":{"line":30,"column":44}},"16":{"start":{"line":31,"column":4},"end":{"line":31,"column":51}},"17":{"start":{"line":32,"column":16},"end":{"line":37,"column":5}},"18":{"start":{"line":38,"column":4},"end":{"line":47,"column":9}},"19":{"start":{"line":41,"column":19},"end":{"line":41,"column":48}},"20":{"start":{"line":42,"column":8},"end":{"line":42,"column":26}},"21":{"start":{"line":43,"column":8},"end":{"line":43,"column":22}},"22":{"start":{"line":46,"column":8},"end":{"line":46,"column":29}},"23":{"start":{"line":49,"column":16},"end":{"line":49,"column":31}},"24":{"start":{"line":50,"column":2},"end":{"line":50,"column":18}},"25":{"start":{"line":54,"column":2},"end":{"line":54,"column":41}},"26":{"start":{"line":57,"column":0},"end":{"line":87,"column":1}},"27":{"start":{"line":58,"column":2},"end":{"line":86,"column":3}},"28":{"start":{"line":59,"column":4},"end":{"line":71,"column":6}},"29":{"start":{"line":73,"column":4},"end":{"line":85,"column":6}},"30":{"start":{"line":89,"column":0},"end":{"line":135,"column":1}},"31":{"start":{"line":90,"column":2},"end":{"line":134,"column":3}},"32":{"start":{"line":92,"column":4},"end":{"line":132,"column":5}},"33":{"start":{"line":93,"column":22},"end":{"line":93,"column":43}},"34":{"start":{"line":94,"column":6},"end":{"line":129,"column":8}},"35":{"start":{"line":99,"column":10},"end":{"line":127,"column":11}},"36":{"start":{"line":100,"column":12},"end":{"line":100,"column":39}},"37":{"start":{"line":102,"column":12},"end":{"line":126,"column":13}},"38":{"start":{"line":106,"column":14},"end":{"line":121,"column":17}},"39":{"start":{"line":122,"column":14},"end":{"line":122,"column":35}},"40":{"start":{"line":124,"column":14},"end":{"line":124,"column":75}},"41":{"start":{"line":125,"column":14},"end":{"line":125,"column":28}},"42":{"start":{"line":131,"column":6},"end":{"line":131,"column":20}}},"fnMap":{"0":{"name":"(anonymous_0)","decl":{"start":{"line":3,"column":29},"end":{"line":3,"column":30}},"loc":{"start":{"line":3,"column":70},"end":{"line":26,"column":1}},"line":3},"1":{"name":"(anonymous_1)","decl":{"start":{"line":4,"column":30},"end":{"line":4,"column":31}},"loc":{"start":{"line":4,"column":48},"end":{"line":23,"column":3}},"line":4},"2":{"name":"(anonymous_2)","decl":{"start":{"line":15,"column":12},"end":{"line":15,"column":13}},"loc":{"start":{"line":15,"column":18},"end":{"line":19,"column":7}},"line":15},"3":{"name":"(anonymous_3)","decl":{"start":{"line":20,"column":13},"end":{"line":20,"column":14}},"loc":{"start":{"line":20,"column":24},"end":{"line":22,"column":7}},"line":20},"4":{"name":"(anonymous_4)","decl":{"start":{"line":28,"column":33},"end":{"line":28,"column":34}},"loc":{"start":{"line":28,"column":74},"end":{"line":51,"column":1}},"line":28},"5":{"name":"(anonymous_5)","decl":{"start":{"line":29,"column":30},"end":{"line":29,"column":31}},"loc":{"start":{"line":29,"column":48},"end":{"line":48,"column":3}},"line":29},"6":{"name":"(anonymous_6)","decl":{"start":{"line":40,"column":12},"end":{"line":40,"column":13}},"loc":{"start":{"line":40,"column":18},"end":{"line":44,"column":7}},"line":40},"7":{"name":"(anonymous_7)","decl":{"start":{"line":45,"column":13},"end":{"line":45,"column":14}},"loc":{"start":{"line":45,"column":24},"end":{"line":47,"column":7}},"line":45},"8":{"name":"padTo2Digits","decl":{"start":{"line":53,"column":9},"end":{"line":53,"column":21}},"loc":{"start":{"line":53,"column":27},"end":{"line":55,"column":1}},"line":53},"9":{"name":"(anonymous_9)","decl":{"start":{"line":57,"column":28},"end":{"line":57,"column":29}},"loc":{"start":{"line":57,"column":51},"end":{"line":87,"column":1}},"line":57},"10":{"name":"(anonymous_10)","decl":{"start":{"line":89,"column":39},"end":{"line":89,"column":40}},"loc":{"start":{"line":89,"column":73},"end":{"line":135,"column":1}},"line":89},"11":{"name":"(anonymous_11)","decl":{"start":{"line":90,"column":21},"end":{"line":90,"column":22}},"loc":{"start":{"line":90,"column":43},"end":{"line":133,"column":3}},"line":90},"12":{"name":"(anonymous_12)","decl":{"start":{"line":98,"column":8},"end":{"line":98,"column":9}},"loc":{"start":{"line":98,"column":28},"end":{"line":128,"column":9}},"line":98}},"branchMap":{"0":{"loc":{"start":{"line":58,"column":2},"end":{"line":86,"column":3}},"type":"if","locations":[{"start":{"line":58,"column":2},"end":{"line":86,"column":3}},{"start":{"line":72,"column":9},"end":{"line":86,"column":3}}],"line":58},"1":{"loc":{"start":{"line":92,"column":4},"end":{"line":132,"column":5}},"type":"if","locations":[{"start":{"line":92,"column":4},"end":{"line":132,"column":5}},{"start":{"line":130,"column":11},"end":{"line":132,"column":5}}],"line":92},"2":{"loc":{"start":{"line":99,"column":10},"end":{"line":127,"column":11}},"type":"if","locations":[{"start":{"line":99,"column":10},"end":{"line":127,"column":11}},{"start":{"line":101,"column":17},"end":{"line":127,"column":11}}],"line":99},"3":{"loc":{"start":{"line":102,"column":12},"end":{"line":126,"column":13}},"type":"if","locations":[{"start":{"line":102,"column":12},"end":{"line":126,"column":13}},{"start":{"line":123,"column":19},"end":{"line":126,"column":13}}],"line":102},"4":{"loc":{"start":{"line":103,"column":14},"end":{"line":104,"column":48}},"type":"binary-expr","locations":[{"start":{"line":103,"column":14},"end":{"line":103,"column":45}},{"start":{"line":104,"column":14},"end":{"line":104,"column":48}}],"line":103}},"s":{"0":2,"1":2,"2":1,"3":1,"4":1,"5":1,"6":1,"7":1,"8":1,"9":1,"10":0,"11":1,"12":1,"13":2,"14":1,"15":1,"16":1,"17":1,"18":1,"19":1,"20":1,"21":1,"22":0,"23":1,"24":1,"25":10,"26":2,"27":2,"28":1,"29":1,"30":2,"31":0,"32":0,"33":0,"34":0,"35":0,"36":0,"37":0,"38":0,"39":0,"40":0,"41":0,"42":0},"f":{"0":1,"1":1,"2":1,"3":0,"4":1,"5":1,"6":1,"7":0,"8":10,"9":2,"10":0,"11":0,"12":0},"b":{"0":[1,1],"1":[0,0],"2":[0,0],"3":[0,0],"4":[0,0]},"_coverageSchema":"1a1c01bbd47fc00a2c39e90264f33305004495a9","hash":"c25511f55d2c5bc33feb667c76597debb305a793"}
,"/Users/galvao/workspace/sorteio-vagas/routes/faleconosco.js": {"path":"/Users/galvao/workspace/sorteio-vagas/routes/faleconosco.js","statementMap":{"0":{"start":{"line":1,"column":0},"end":{"line":1,"column":27}},"1":{"start":{"line":2,"column":16},"end":{"line":2,"column":34}},"2":{"start":{"line":3,"column":15},"end":{"line":3,"column":31}},"3":{"start":{"line":4,"column":13},"end":{"line":4,"column":31}},"4":{"start":{"line":5,"column":18},"end":{"line":5,"column":47}},"5":{"start":{"line":8,"column":16},"end":{"line":11,"column":2}},"6":{"start":{"line":13,"column":0},"end":{"line":34,"column":3}},"7":{"start":{"line":14,"column":15},"end":{"line":14,"column":32}},"8":{"start":{"line":15,"column":16},"end":{"line":15,"column":34}},"9":{"start":{"line":16,"column":18},"end":{"line":16,"column":38}},"10":{"start":{"line":17,"column":19},"end":{"line":17,"column":40}},"11":{"start":{"line":18,"column":2},"end":{"line":33,"column":3}},"12":{"start":{"line":19,"column":4},"end":{"line":19,"column":77}},"13":{"start":{"line":20,"column":4},"end":{"line":23,"column":7}},"14":{"start":{"line":25,"column":4},"end":{"line":29,"column":6}},"15":{"start":{"line":30,"column":4},"end":{"line":32,"column":74}},"16":{"start":{"line":36,"column":0},"end":{"line":36,"column":24}}},"fnMap":{"0":{"name":"(anonymous_0)","decl":{"start":{"line":13,"column":37},"end":{"line":13,"column":38}},"loc":{"start":{"line":13,"column":60},"end":{"line":34,"column":1}},"line":13}},"branchMap":{"0":{"loc":{"start":{"line":18,"column":2},"end":{"line":33,"column":3}},"type":"if","locations":[{"start":{"line":18,"column":2},"end":{"line":33,"column":3}},{"start":{"line":24,"column":9},"end":{"line":33,"column":3}}],"line":18},"1":{"loc":{"start":{"line":18,"column":6},"end":{"line":18,"column":94}},"type":"binary-expr","locations":[{"start":{"line":18,"column":6},"end":{"line":18,"column":23}},{"start":{"line":18,"column":27},"end":{"line":18,"column":45}},{"start":{"line":18,"column":49},"end":{"line":18,"column":69}},{"start":{"line":18,"column":73},"end":{"line":18,"column":94}}],"line":18}},"s":{"0":1,"1":1,"2":1,"3":1,"4":1,"5":1,"6":1,"7":0,"8":0,"9":0,"10":0,"11":0,"12":0,"13":0,"14":0,"15":0,"16":1},"f":{"0":0},"b":{"0":[0,0],"1":[0,0,0,0]},"_coverageSchema":"1a1c01bbd47fc00a2c39e90264f33305004495a9","hash":"25b1b7d4806ceb223da2a8ba2366e8162c79c651"}
,"/Users/galvao/workspace/sorteio-vagas/routes/meusdados.js": {"path":"/Users/galvao/workspace/sorteio-vagas/routes/meusdados.js","statementMap":{"0":{"start":{"line":1,"column":16},"end":{"line":1,"column":34}},"1":{"start":{"line":2,"column":36},"end":{"line":2,"column":64}},"2":{"start":{"line":3,"column":15},"end":{"line":3,"column":31}},"3":{"start":{"line":4,"column":25},"end":{"line":4,"column":58}},"4":{"start":{"line":5,"column":17},"end":{"line":5,"column":37}},"5":{"start":{"line":7,"column":21},"end":{"line":65,"column":1}},"6":{"start":{"line":8,"column":2},"end":{"line":64,"column":5}},"7":{"start":{"line":11,"column":19},"end":{"line":11,"column":52}},"8":{"start":{"line":12,"column":4},"end":{"line":12,"column":43}},"9":{"start":{"line":13,"column":18},"end":{"line":13,"column":39}},"10":{"start":{"line":14,"column":4},"end":{"line":63,"column":6}},"11":{"start":{"line":19,"column":8},"end":{"line":61,"column":9}},"12":{"start":{"line":20,"column":10},"end":{"line":20,"column":37}},"13":{"start":{"line":21,"column":10},"end":{"line":21,"column":32}},"14":{"start":{"line":24,"column":10},"end":{"line":59,"column":11}},"15":{"start":{"line":25,"column":12},"end":{"line":36,"column":15}},"16":{"start":{"line":39,"column":41},"end":{"line":39,"column":76}},"17":{"start":{"line":40,"column":35},"end":{"line":40,"column":37}},"18":{"start":{"line":42,"column":12},"end":{"line":46,"column":13}},"19":{"start":{"line":43,"column":14},"end":{"line":45,"column":17}},"20":{"start":{"line":44,"column":16},"end":{"line":44,"column":49}},"21":{"start":{"line":47,"column":12},"end":{"line":58,"column":15}},"22":{"start":{"line":60,"column":10},"end":{"line":60,"column":24}},"23":{"start":{"line":67,"column":0},"end":{"line":69,"column":3}},"24":{"start":{"line":68,"column":2},"end":{"line":68,"column":34}},"25":{"start":{"line":71,"column":0},"end":{"line":134,"column":2}},"26":{"start":{"line":87,"column":18},"end":{"line":87,"column":72}},"27":{"start":{"line":87,"column":68},"end":{"line":87,"column":71}},"28":{"start":{"line":88,"column":21},"end":{"line":88,"column":37}},"29":{"start":{"line":89,"column":4},"end":{"line":132,"column":5}},"30":{"start":{"line":90,"column":6},"end":{"line":90,"column":58}},"31":{"start":{"line":92,"column":20},"end":{"line":92,"column":41}},"32":{"start":{"line":93,"column":20},"end":{"line":93,"column":40}},"33":{"start":{"line":94,"column":6},"end":{"line":94,"column":40}},"34":{"start":{"line":95,"column":6},"end":{"line":97,"column":8}},"35":{"start":{"line":98,"column":6},"end":{"line":100,"column":8}},"36":{"start":{"line":101,"column":35},"end":{"line":101,"column":37}},"37":{"start":{"line":102,"column":29},"end":{"line":102,"column":33}},"38":{"start":{"line":103,"column":6},"end":{"line":112,"column":7}},"39":{"start":{"line":105,"column":10},"end":{"line":105,"column":50}},"40":{"start":{"line":106,"column":8},"end":{"line":111,"column":9}},"41":{"start":{"line":107,"column":10},"end":{"line":109,"column":13}},"42":{"start":{"line":108,"column":12},"end":{"line":108,"column":56}},"43":{"start":{"line":110,"column":10},"end":{"line":110,"column":68}},"44":{"start":{"line":114,"column":6},"end":{"line":117,"column":8}},"45":{"start":{"line":118,"column":6},"end":{"line":131,"column":8}},"46":{"start":{"line":122,"column":10},"end":{"line":127,"column":11}},"47":{"start":{"line":123,"column":12},"end":{"line":123,"column":51}},"48":{"start":{"line":124,"column":12},"end":{"line":124,"column":81}},"49":{"start":{"line":126,"column":12},"end":{"line":126,"column":81}},"50":{"start":{"line":128,"column":10},"end":{"line":128,"column":52}},"51":{"start":{"line":129,"column":10},"end":{"line":129,"column":42}},"52":{"start":{"line":136,"column":0},"end":{"line":136,"column":24}}},"fnMap":{"0":{"name":"(anonymous_0)","decl":{"start":{"line":7,"column":21},"end":{"line":7,"column":22}},"loc":{"start":{"line":7,"column":44},"end":{"line":65,"column":1}},"line":7},"1":{"name":"(anonymous_1)","decl":{"start":{"line":8,"column":21},"end":{"line":8,"column":22}},"loc":{"start":{"line":8,"column":42},"end":{"line":64,"column":3}},"line":8},"2":{"name":"(anonymous_2)","decl":{"start":{"line":18,"column":6},"end":{"line":18,"column":7}},"loc":{"start":{"line":18,"column":26},"end":{"line":62,"column":7}},"line":18},"3":{"name":"(anonymous_3)","decl":{"start":{"line":43,"column":45},"end":{"line":43,"column":46}},"loc":{"start":{"line":43,"column":55},"end":{"line":45,"column":15}},"line":43},"4":{"name":"(anonymous_4)","decl":{"start":{"line":67,"column":41},"end":{"line":67,"column":42}},"loc":{"start":{"line":67,"column":64},"end":{"line":69,"column":1}},"line":67},"5":{"name":"(anonymous_5)","decl":{"start":{"line":86,"column":2},"end":{"line":86,"column":3}},"loc":{"start":{"line":86,"column":37},"end":{"line":133,"column":3}},"line":86},"6":{"name":"(anonymous_6)","decl":{"start":{"line":87,"column":55},"end":{"line":87,"column":56}},"loc":{"start":{"line":87,"column":68},"end":{"line":87,"column":71}},"line":87},"7":{"name":"(anonymous_7)","decl":{"start":{"line":107,"column":46},"end":{"line":107,"column":47}},"loc":{"start":{"line":107,"column":56},"end":{"line":109,"column":11}},"line":107},"8":{"name":"(anonymous_8)","decl":{"start":{"line":121,"column":8},"end":{"line":121,"column":9}},"loc":{"start":{"line":121,"column":30},"end":{"line":130,"column":9}},"line":121}},"branchMap":{"0":{"loc":{"start":{"line":19,"column":8},"end":{"line":61,"column":9}},"type":"if","locations":[{"start":{"line":19,"column":8},"end":{"line":61,"column":9}},{"start":{"line":22,"column":15},"end":{"line":61,"column":9}}],"line":19},"1":{"loc":{"start":{"line":24,"column":10},"end":{"line":59,"column":11}},"type":"if","locations":[{"start":{"line":24,"column":10},"end":{"line":59,"column":11}},{"start":{"line":37,"column":17},"end":{"line":59,"column":11}}],"line":24},"2":{"loc":{"start":{"line":42,"column":12},"end":{"line":46,"column":13}},"type":"if","locations":[{"start":{"line":42,"column":12},"end":{"line":46,"column":13}},{"start":{},"end":{}}],"line":42},"3":{"loc":{"start":{"line":89,"column":4},"end":{"line":132,"column":5}},"type":"if","locations":[{"start":{"line":89,"column":4},"end":{"line":132,"column":5}},{"start":{"line":91,"column":11},"end":{"line":132,"column":5}}],"line":89},"4":{"loc":{"start":{"line":103,"column":6},"end":{"line":112,"column":7}},"type":"if","locations":[{"start":{"line":103,"column":6},"end":{"line":112,"column":7}},{"start":{},"end":{}}],"line":103},"5":{"loc":{"start":{"line":106,"column":8},"end":{"line":111,"column":9}},"type":"if","locations":[{"start":{"line":106,"column":8},"end":{"line":111,"column":9}},{"start":{},"end":{}}],"line":106},"6":{"loc":{"start":{"line":122,"column":10},"end":{"line":127,"column":11}},"type":"if","locations":[{"start":{"line":122,"column":10},"end":{"line":127,"column":11}},{"start":{"line":125,"column":17},"end":{"line":127,"column":11}}],"line":122}},"s":{"0":1,"1":1,"2":1,"3":1,"4":1,"5":1,"6":0,"7":0,"8":0,"9":0,"10":0,"11":0,"12":0,"13":0,"14":0,"15":0,"16":0,"17":0,"18":0,"19":0,"20":0,"21":0,"22":0,"23":1,"24":0,"25":1,"26":0,"27":0,"28":0,"29":0,"30":0,"31":0,"32":0,"33":0,"34":0,"35":0,"36":0,"37":0,"38":0,"39":0,"40":0,"41":0,"42":0,"43":0,"44":0,"45":0,"46":0,"47":0,"48":0,"49":0,"50":0,"51":0,"52":1},"f":{"0":0,"1":0,"2":0,"3":0,"4":0,"5":0,"6":0,"7":0,"8":0},"b":{"0":[0,0],"1":[0,0],"2":[0,0],"3":[0,0],"4":[0,0],"5":[0,0],"6":[0,0]},"_coverageSchema":"1a1c01bbd47fc00a2c39e90264f33305004495a9","hash":"7db8c22dbd74d008179623feda8d2fee0ce34407"}
,"/Users/galvao/workspace/sorteio-vagas/routes/setup.js": {"path":"/Users/galvao/workspace/sorteio-vagas/routes/setup.js","statementMap":{"0":{"start":{"line":1,"column":16},"end":{"line":1,"column":34}},"1":{"start":{"line":2,"column":36},"end":{"line":2,"column":64}},"2":{"start":{"line":3,"column":15},"end":{"line":3,"column":31}},"3":{"start":{"line":4,"column":25},"end":{"line":4,"column":58}},"4":{"start":{"line":5,"column":17},"end":{"line":5,"column":37}},"5":{"start":{"line":6,"column":13},"end":{"line":6,"column":31}},"6":{"start":{"line":7,"column":11},"end":{"line":7,"column":24}},"7":{"start":{"line":10,"column":16},"end":{"line":10,"column":36}},"8":{"start":{"line":11,"column":17},"end":{"line":11,"column":57}},"9":{"start":{"line":14,"column":2},"end":{"line":27,"column":3}},"10":{"start":{"line":15,"column":4},"end":{"line":20,"column":7}},"11":{"start":{"line":22,"column":4},"end":{"line":22,"column":68}},"12":{"start":{"line":23,"column":4},"end":{"line":26,"column":7}},"13":{"start":{"line":30,"column":0},"end":{"line":45,"column":3}},"14":{"start":{"line":31,"column":2},"end":{"line":44,"column":3}},"15":{"start":{"line":32,"column":4},"end":{"line":37,"column":7}},"16":{"start":{"line":39,"column":4},"end":{"line":39,"column":68}},"17":{"start":{"line":40,"column":4},"end":{"line":43,"column":7}},"18":{"start":{"line":47,"column":0},"end":{"line":66,"column":3}},"19":{"start":{"line":48,"column":2},"end":{"line":65,"column":3}},"20":{"start":{"line":49,"column":16},"end":{"line":49,"column":32}},"21":{"start":{"line":51,"column":4},"end":{"line":55,"column":6}},"22":{"start":{"line":56,"column":4},"end":{"line":58,"column":73}},"23":{"start":{"line":60,"column":4},"end":{"line":60,"column":68}},"24":{"start":{"line":61,"column":4},"end":{"line":64,"column":7}},"25":{"start":{"line":68,"column":0},"end":{"line":141,"column":3}},"26":{"start":{"line":78,"column":18},"end":{"line":78,"column":72}},"27":{"start":{"line":78,"column":68},"end":{"line":78,"column":71}},"28":{"start":{"line":79,"column":21},"end":{"line":79,"column":37}},"29":{"start":{"line":80,"column":4},"end":{"line":140,"column":5}},"30":{"start":{"line":81,"column":6},"end":{"line":81,"column":58}},"31":{"start":{"line":83,"column":6},"end":{"line":139,"column":7}},"32":{"start":{"line":84,"column":20},"end":{"line":84,"column":38}},"33":{"start":{"line":85,"column":29},"end":{"line":91,"column":10}},"34":{"start":{"line":92,"column":8},"end":{"line":132,"column":9}},"35":{"start":{"line":93,"column":10},"end":{"line":120,"column":13}},"36":{"start":{"line":94,"column":12},"end":{"line":119,"column":13}},"37":{"start":{"line":95,"column":14},"end":{"line":97,"column":67}},"38":{"start":{"line":99,"column":28},"end":{"line":99,"column":32}},"39":{"start":{"line":100,"column":14},"end":{"line":118,"column":17}},"40":{"start":{"line":101,"column":16},"end":{"line":117,"column":17}},"41":{"start":{"line":102,"column":18},"end":{"line":104,"column":71}},"42":{"start":{"line":106,"column":18},"end":{"line":106,"column":63}},"43":{"start":{"line":107,"column":18},"end":{"line":116,"column":21}},"44":{"start":{"line":122,"column":10},"end":{"line":131,"column":13}},"45":{"start":{"line":134,"column":8},"end":{"line":134,"column":72}},"46":{"start":{"line":135,"column":8},"end":{"line":138,"column":11}},"47":{"start":{"line":143,"column":0},"end":{"line":143,"column":24}}},"fnMap":{"0":{"name":"gerarToken","decl":{"start":{"line":13,"column":9},"end":{"line":13,"column":19}},"loc":{"start":{"line":13,"column":35},"end":{"line":28,"column":1}},"line":13},"1":{"name":"(anonymous_1)","decl":{"start":{"line":30,"column":37},"end":{"line":30,"column":38}},"loc":{"start":{"line":30,"column":60},"end":{"line":45,"column":1}},"line":30},"2":{"name":"(anonymous_2)","decl":{"start":{"line":47,"column":48},"end":{"line":47,"column":49}},"loc":{"start":{"line":47,"column":71},"end":{"line":66,"column":1}},"line":47},"3":{"name":"(anonymous_3)","decl":{"start":{"line":77,"column":18},"end":{"line":77,"column":19}},"loc":{"start":{"line":77,"column":41},"end":{"line":141,"column":1}},"line":77},"4":{"name":"(anonymous_4)","decl":{"start":{"line":78,"column":55},"end":{"line":78,"column":56}},"loc":{"start":{"line":78,"column":68},"end":{"line":78,"column":71}},"line":78},"5":{"name":"(anonymous_5)","decl":{"start":{"line":93,"column":42},"end":{"line":93,"column":43}},"loc":{"start":{"line":93,"column":65},"end":{"line":120,"column":11}},"line":93},"6":{"name":"(anonymous_6)","decl":{"start":{"line":100,"column":32},"end":{"line":100,"column":33}},"loc":{"start":{"line":100,"column":52},"end":{"line":118,"column":15}},"line":100}},"branchMap":{"0":{"loc":{"start":{"line":14,"column":2},"end":{"line":27,"column":3}},"type":"if","locations":[{"start":{"line":14,"column":2},"end":{"line":27,"column":3}},{"start":{"line":21,"column":9},"end":{"line":27,"column":3}}],"line":14},"1":{"loc":{"start":{"line":31,"column":2},"end":{"line":44,"column":3}},"type":"if","locations":[{"start":{"line":31,"column":2},"end":{"line":44,"column":3}},{"start":{"line":38,"column":9},"end":{"line":44,"column":3}}],"line":31},"2":{"loc":{"start":{"line":48,"column":2},"end":{"line":65,"column":3}},"type":"if","locations":[{"start":{"line":48,"column":2},"end":{"line":65,"column":3}},{"start":{"line":59,"column":9},"end":{"line":65,"column":3}}],"line":48},"3":{"loc":{"start":{"line":80,"column":4},"end":{"line":140,"column":5}},"type":"if","locations":[{"start":{"line":80,"column":4},"end":{"line":140,"column":5}},{"start":{"line":82,"column":11},"end":{"line":140,"column":5}}],"line":80},"4":{"loc":{"start":{"line":83,"column":6},"end":{"line":139,"column":7}},"type":"if","locations":[{"start":{"line":83,"column":6},"end":{"line":139,"column":7}},{"start":{"line":133,"column":13},"end":{"line":139,"column":7}}],"line":83},"5":{"loc":{"start":{"line":92,"column":8},"end":{"line":132,"column":9}},"type":"if","locations":[{"start":{"line":92,"column":8},"end":{"line":132,"column":9}},{"start":{"line":121,"column":15},"end":{"line":132,"column":9}}],"line":92},"6":{"loc":{"start":{"line":94,"column":12},"end":{"line":119,"column":13}},"type":"if","locations":[{"start":{"line":94,"column":12},"end":{"line":119,"column":13}},{"start":{"line":98,"column":19},"end":{"line":119,"column":13}}],"line":94},"7":{"loc":{"start":{"line":101,"column":16},"end":{"line":117,"column":17}},"type":"if","locations":[{"start":{"line":101,"column":16},"end":{"line":117,"column":17}},{"start":{"line":105,"column":23},"end":{"line":117,"column":17}}],"line":101}},"s":{"0":1,"1":1,"2":1,"3":1,"4":1,"5":1,"6":1,"7":1,"8":1,"9":0,"10":0,"11":0,"12":0,"13":1,"14":0,"15":0,"16":0,"17":0,"18":1,"19":0,"20":0,"21":0,"22":0,"23":0,"24":0,"25":1,"26":0,"27":0,"28":0,"29":0,"30":0,"31":0,"32":0,"33":0,"34":0,"35":0,"36":0,"37":0,"38":0,"39":0,"40":0,"41":0,"42":0,"43":0,"44":0,"45":0,"46":0,"47":1},"f":{"0":0,"1":0,"2":0,"3":0,"4":0,"5":0,"6":0},"b":{"0":[0,0],"1":[0,0],"2":[0,0],"3":[0,0],"4":[0,0],"5":[0,0],"6":[0,0],"7":[0,0]},"_coverageSchema":"1a1c01bbd47fc00a2c39e90264f33305004495a9","hash":"eec444b15c7de1ffdd246c0661fc7ee9b4a17648"}
,"/Users/galvao/workspace/sorteio-vagas/routes/sorteio.js": {"path":"/Users/galvao/workspace/sorteio-vagas/routes/sorteio.js","statementMap":{"0":{"start":{"line":1,"column":16},"end":{"line":1,"column":34}},"1":{"start":{"line":2,"column":15},"end":{"line":2,"column":31}},"2":{"start":{"line":3,"column":25},"end":{"line":3,"column":58}},"3":{"start":{"line":4,"column":17},"end":{"line":4,"column":37}},"4":{"start":{"line":5,"column":13},"end":{"line":5,"column":31}},"5":{"start":{"line":6,"column":15},"end":{"line":6,"column":32}},"6":{"start":{"line":8,"column":21},"end":{"line":71,"column":1}},"7":{"start":{"line":9,"column":2},"end":{"line":70,"column":5}},"8":{"start":{"line":10,"column":37},"end":{"line":10,"column":39}},"9":{"start":{"line":11,"column":4},"end":{"line":69,"column":7}},"10":{"start":{"line":12,"column":6},"end":{"line":16,"column":7}},"11":{"start":{"line":14,"column":8},"end":{"line":14,"column":30}},"12":{"start":{"line":15,"column":8},"end":{"line":15,"column":15}},"13":{"start":{"line":17,"column":21},"end":{"line":17,"column":33}},"14":{"start":{"line":19,"column":6},"end":{"line":22,"column":9}},"15":{"start":{"line":20,"column":21},"end":{"line":20,"column":78}},"16":{"start":{"line":20,"column":27},"end":{"line":20,"column":78}},"17":{"start":{"line":21,"column":8},"end":{"line":21,"column":30}},"18":{"start":{"line":23,"column":6},"end":{"line":51,"column":9}},"19":{"start":{"line":24,"column":31},"end":{"line":24,"column":64}},"20":{"start":{"line":25,"column":8},"end":{"line":50,"column":9}},"21":{"start":{"line":26,"column":10},"end":{"line":38,"column":13}},"22":{"start":{"line":27,"column":12},"end":{"line":37,"column":13}},"23":{"start":{"line":28,"column":51},"end":{"line":30,"column":15}},"24":{"start":{"line":31,"column":14},"end":{"line":36,"column":15}},"25":{"start":{"line":32,"column":16},"end":{"line":33,"column":68}},"26":{"start":{"line":34,"column":16},"end":{"line":34,"column":76}},"27":{"start":{"line":40,"column":10},"end":{"line":44,"column":11}},"28":{"start":{"line":41,"column":12},"end":{"line":41,"column":66}},"29":{"start":{"line":42,"column":12},"end":{"line":42,"column":43}},"30":{"start":{"line":47,"column":10},"end":{"line":47,"column":64}},"31":{"start":{"line":48,"column":10},"end":{"line":48,"column":41}},"32":{"start":{"line":52,"column":6},"end":{"line":52,"column":28}},"33":{"start":{"line":53,"column":6},"end":{"line":64,"column":9}},"34":{"start":{"line":54,"column":8},"end":{"line":59,"column":10}},"35":{"start":{"line":60,"column":8},"end":{"line":63,"column":11}},"36":{"start":{"line":65,"column":20},"end":{"line":65,"column":22}},"37":{"start":{"line":66,"column":6},"end":{"line":66,"column":38}},"38":{"start":{"line":67,"column":6},"end":{"line":67,"column":47}},"39":{"start":{"line":68,"column":6},"end":{"line":68,"column":23}},"40":{"start":{"line":73,"column":19},"end":{"line":142,"column":1}},"41":{"start":{"line":74,"column":2},"end":{"line":141,"column":5}},"42":{"start":{"line":75,"column":4},"end":{"line":139,"column":5}},"43":{"start":{"line":77,"column":21},"end":{"line":77,"column":52}},"44":{"start":{"line":78,"column":6},"end":{"line":78,"column":43}},"45":{"start":{"line":79,"column":6},"end":{"line":132,"column":8}},"46":{"start":{"line":84,"column":10},"end":{"line":130,"column":11}},"47":{"start":{"line":85,"column":12},"end":{"line":85,"column":39}},"48":{"start":{"line":87,"column":12},"end":{"line":129,"column":13}},"49":{"start":{"line":88,"column":14},"end":{"line":97,"column":17}},"50":{"start":{"line":99,"column":35},"end":{"line":102,"column":15}},"51":{"start":{"line":103,"column":35},"end":{"line":103,"column":37}},"52":{"start":{"line":104,"column":14},"end":{"line":106,"column":17}},"53":{"start":{"line":105,"column":16},"end":{"line":105,"column":81}},"54":{"start":{"line":108,"column":14},"end":{"line":118,"column":15}},"55":{"start":{"line":112,"column":16},"end":{"line":112,"column":154}},"56":{"start":{"line":113,"column":16},"end":{"line":113,"column":35}},"57":{"start":{"line":114,"column":16},"end":{"line":114,"column":36}},"58":{"start":{"line":116,"column":16},"end":{"line":116,"column":32}},"59":{"start":{"line":117,"column":16},"end":{"line":117,"column":39}},"60":{"start":{"line":119,"column":14},"end":{"line":128,"column":17}},"61":{"start":{"line":134,"column":6},"end":{"line":134,"column":70}},"62":{"start":{"line":135,"column":6},"end":{"line":138,"column":9}},"63":{"start":{"line":140,"column":4},"end":{"line":140,"column":14}},"64":{"start":{"line":144,"column":0},"end":{"line":146,"column":3}},"65":{"start":{"line":145,"column":2},"end":{"line":145,"column":32}},"66":{"start":{"line":148,"column":0},"end":{"line":336,"column":3}},"67":{"start":{"line":149,"column":2},"end":{"line":335,"column":3}},"68":{"start":{"line":150,"column":4},"end":{"line":328,"column":6}},"69":{"start":{"line":153,"column":8},"end":{"line":326,"column":9}},"70":{"start":{"line":154,"column":10},"end":{"line":156,"column":76}},"71":{"start":{"line":159,"column":34},"end":{"line":159,"column":36}},"72":{"start":{"line":160,"column":10},"end":{"line":162,"column":13}},"73":{"start":{"line":161,"column":12},"end":{"line":161,"column":51}},"74":{"start":{"line":164,"column":10},"end":{"line":167,"column":13}},"75":{"start":{"line":165,"column":25},"end":{"line":165,"column":82}},"76":{"start":{"line":165,"column":31},"end":{"line":165,"column":82}},"77":{"start":{"line":166,"column":12},"end":{"line":166,"column":34}},"78":{"start":{"line":169,"column":41},"end":{"line":169,"column":65}},"79":{"start":{"line":170,"column":10},"end":{"line":325,"column":11}},"80":{"start":{"line":171,"column":12},"end":{"line":173,"column":78}},"81":{"start":{"line":175,"column":45},"end":{"line":175,"column":47}},"82":{"start":{"line":176,"column":33},"end":{"line":176,"column":35}},"83":{"start":{"line":178,"column":12},"end":{"line":324,"column":17}},"84":{"start":{"line":185,"column":16},"end":{"line":185,"column":48}},"85":{"start":{"line":187,"column":16},"end":{"line":193,"column":19}},"86":{"start":{"line":188,"column":18},"end":{"line":188,"column":59}},"87":{"start":{"line":190,"column":18},"end":{"line":192,"column":19}},"88":{"start":{"line":191,"column":20},"end":{"line":191,"column":126}},"89":{"start":{"line":196,"column":16},"end":{"line":319,"column":21}},"90":{"start":{"line":203,"column":20},"end":{"line":203,"column":52}},"91":{"start":{"line":204,"column":20},"end":{"line":210,"column":23}},"92":{"start":{"line":205,"column":22},"end":{"line":205,"column":63}},"93":{"start":{"line":207,"column":22},"end":{"line":209,"column":23}},"94":{"start":{"line":208,"column":24},"end":{"line":208,"column":130}},"95":{"start":{"line":212,"column":20},"end":{"line":312,"column":25}},"96":{"start":{"line":219,"column":24},"end":{"line":219,"column":56}},"97":{"start":{"line":220,"column":24},"end":{"line":226,"column":27}},"98":{"start":{"line":221,"column":26},"end":{"line":221,"column":67}},"99":{"start":{"line":223,"column":26},"end":{"line":225,"column":27}},"100":{"start":{"line":224,"column":28},"end":{"line":224,"column":134}},"101":{"start":{"line":228,"column":24},"end":{"line":305,"column":29}},"102":{"start":{"line":235,"column":28},"end":{"line":235,"column":60}},"103":{"start":{"line":236,"column":28},"end":{"line":242,"column":31}},"104":{"start":{"line":237,"column":30},"end":{"line":237,"column":71}},"105":{"start":{"line":239,"column":30},"end":{"line":241,"column":31}},"106":{"start":{"line":240,"column":32},"end":{"line":240,"column":138}},"107":{"start":{"line":244,"column":57},"end":{"line":244,"column":58}},"108":{"start":{"line":245,"column":52},"end":{"line":245,"column":53}},"109":{"start":{"line":246,"column":28},"end":{"line":251,"column":31}},"110":{"start":{"line":248,"column":30},"end":{"line":249,"column":59}},"111":{"start":{"line":250,"column":30},"end":{"line":250,"column":80}},"112":{"start":{"line":252,"column":45},"end":{"line":252,"column":75}},"113":{"start":{"line":253,"column":28},"end":{"line":298,"column":29}},"114":{"start":{"line":258,"column":32},"end":{"line":261,"column":51}},"115":{"start":{"line":262,"column":30},"end":{"line":262,"column":157}},"116":{"start":{"line":263,"column":30},"end":{"line":265,"column":78}},"117":{"start":{"line":268,"column":30},"end":{"line":282,"column":31}},"118":{"start":{"line":271,"column":32},"end":{"line":275,"column":54}},"119":{"start":{"line":277,"column":32},"end":{"line":281,"column":54}},"120":{"start":{"line":283,"column":30},"end":{"line":283,"column":157}},"121":{"start":{"line":284,"column":30},"end":{"line":297,"column":33}},"122":{"start":{"line":285,"column":32},"end":{"line":296,"column":33}},"123":{"start":{"line":287,"column":34},"end":{"line":290,"column":36}},"124":{"start":{"line":294,"column":34},"end":{"line":294,"column":77}},"125":{"start":{"line":295,"column":34},"end":{"line":295,"column":64}},"126":{"start":{"line":301,"column":28},"end":{"line":301,"column":48}},"127":{"start":{"line":302,"column":28},"end":{"line":304,"column":74}},"128":{"start":{"line":308,"column":24},"end":{"line":308,"column":44}},"129":{"start":{"line":309,"column":24},"end":{"line":311,"column":70}},"130":{"start":{"line":315,"column":20},"end":{"line":315,"column":40}},"131":{"start":{"line":316,"column":20},"end":{"line":318,"column":66}},"132":{"start":{"line":322,"column":16},"end":{"line":322,"column":36}},"133":{"start":{"line":323,"column":16},"end":{"line":323,"column":80}},"134":{"start":{"line":330,"column":4},"end":{"line":330,"column":68}},"135":{"start":{"line":331,"column":4},"end":{"line":334,"column":7}},"136":{"start":{"line":338,"column":0},"end":{"line":369,"column":3}},"137":{"start":{"line":339,"column":2},"end":{"line":368,"column":3}},"138":{"start":{"line":340,"column":4},"end":{"line":361,"column":6}},"139":{"start":{"line":344,"column":8},"end":{"line":359,"column":9}},"140":{"start":{"line":345,"column":10},"end":{"line":345,"column":37}},"141":{"start":{"line":346,"column":10},"end":{"line":346,"column":73}},"142":{"start":{"line":348,"column":10},"end":{"line":358,"column":11}},"143":{"start":{"line":349,"column":12},"end":{"line":349,"column":59}},"144":{"start":{"line":350,"column":12},"end":{"line":350,"column":80}},"145":{"start":{"line":351,"column":12},"end":{"line":351,"column":42}},"146":{"start":{"line":353,"column":12},"end":{"line":357,"column":15}},"147":{"start":{"line":363,"column":4},"end":{"line":363,"column":68}},"148":{"start":{"line":364,"column":4},"end":{"line":367,"column":7}},"149":{"start":{"line":371,"column":0},"end":{"line":371,"column":24}}},"fnMap":{"0":{"name":"(anonymous_0)","decl":{"start":{"line":8,"column":21},"end":{"line":8,"column":22}},"loc":{"start":{"line":8,"column":61},"end":{"line":71,"column":1}},"line":8},"1":{"name":"(anonymous_1)","decl":{"start":{"line":9,"column":21},"end":{"line":9,"column":22}},"loc":{"start":{"line":9,"column":42},"end":{"line":70,"column":3}},"line":9},"2":{"name":"(anonymous_2)","decl":{"start":{"line":11,"column":22},"end":{"line":11,"column":23}},"loc":{"start":{"line":11,"column":42},"end":{"line":69,"column":5}},"line":11},"3":{"name":"(anonymous_3)","decl":{"start":{"line":19,"column":20},"end":{"line":19,"column":21}},"loc":{"start":{"line":19,"column":26},"end":{"line":22,"column":7}},"line":19},"4":{"name":"(anonymous_4)","decl":{"start":{"line":20,"column":21},"end":{"line":20,"column":22}},"loc":{"start":{"line":20,"column":27},"end":{"line":20,"column":78}},"line":20},"5":{"name":"(anonymous_5)","decl":{"start":{"line":23,"column":23},"end":{"line":23,"column":24}},"loc":{"start":{"line":23,"column":45},"end":{"line":51,"column":7}},"line":23},"6":{"name":"(anonymous_6)","decl":{"start":{"line":26,"column":35},"end":{"line":26,"column":36}},"loc":{"start":{"line":26,"column":54},"end":{"line":38,"column":11}},"line":26},"7":{"name":"(anonymous_7)","decl":{"start":{"line":53,"column":23},"end":{"line":53,"column":24}},"loc":{"start":{"line":53,"column":44},"end":{"line":64,"column":7}},"line":53},"8":{"name":"(anonymous_8)","decl":{"start":{"line":73,"column":19},"end":{"line":73,"column":20}},"loc":{"start":{"line":73,"column":42},"end":{"line":142,"column":1}},"line":73},"9":{"name":"(anonymous_9)","decl":{"start":{"line":74,"column":21},"end":{"line":74,"column":22}},"loc":{"start":{"line":74,"column":43},"end":{"line":141,"column":3}},"line":74},"10":{"name":"(anonymous_10)","decl":{"start":{"line":83,"column":8},"end":{"line":83,"column":9}},"loc":{"start":{"line":83,"column":28},"end":{"line":131,"column":9}},"line":83},"11":{"name":"(anonymous_11)","decl":{"start":{"line":104,"column":38},"end":{"line":104,"column":39}},"loc":{"start":{"line":104,"column":47},"end":{"line":106,"column":15}},"line":104},"12":{"name":"(anonymous_12)","decl":{"start":{"line":144,"column":39},"end":{"line":144,"column":40}},"loc":{"start":{"line":144,"column":62},"end":{"line":146,"column":1}},"line":144},"13":{"name":"(anonymous_13)","decl":{"start":{"line":148,"column":40},"end":{"line":148,"column":41}},"loc":{"start":{"line":148,"column":63},"end":{"line":336,"column":1}},"line":148},"14":{"name":"(anonymous_14)","decl":{"start":{"line":152,"column":6},"end":{"line":152,"column":7}},"loc":{"start":{"line":152,"column":26},"end":{"line":327,"column":7}},"line":152},"15":{"name":"(anonymous_15)","decl":{"start":{"line":160,"column":31},"end":{"line":160,"column":32}},"loc":{"start":{"line":160,"column":44},"end":{"line":162,"column":11}},"line":160},"16":{"name":"(anonymous_16)","decl":{"start":{"line":164,"column":33},"end":{"line":164,"column":34}},"loc":{"start":{"line":164,"column":39},"end":{"line":167,"column":11}},"line":164},"17":{"name":"(anonymous_17)","decl":{"start":{"line":165,"column":25},"end":{"line":165,"column":26}},"loc":{"start":{"line":165,"column":31},"end":{"line":165,"column":82}},"line":165},"18":{"name":"(anonymous_18)","decl":{"start":{"line":184,"column":20},"end":{"line":184,"column":21}},"loc":{"start":{"line":184,"column":34},"end":{"line":320,"column":15}},"line":184},"19":{"name":"(anonymous_19)","decl":{"start":{"line":187,"column":36},"end":{"line":187,"column":37}},"loc":{"start":{"line":187,"column":49},"end":{"line":193,"column":17}},"line":187},"20":{"name":"(anonymous_20)","decl":{"start":{"line":202,"column":24},"end":{"line":202,"column":25}},"loc":{"start":{"line":202,"column":38},"end":{"line":313,"column":19}},"line":202},"21":{"name":"(anonymous_21)","decl":{"start":{"line":204,"column":40},"end":{"line":204,"column":41}},"loc":{"start":{"line":204,"column":53},"end":{"line":210,"column":21}},"line":204},"22":{"name":"(anonymous_22)","decl":{"start":{"line":218,"column":28},"end":{"line":218,"column":29}},"loc":{"start":{"line":218,"column":42},"end":{"line":306,"column":23}},"line":218},"23":{"name":"(anonymous_23)","decl":{"start":{"line":220,"column":44},"end":{"line":220,"column":45}},"loc":{"start":{"line":220,"column":57},"end":{"line":226,"column":25}},"line":220},"24":{"name":"(anonymous_24)","decl":{"start":{"line":234,"column":32},"end":{"line":234,"column":33}},"loc":{"start":{"line":234,"column":46},"end":{"line":299,"column":27}},"line":234},"25":{"name":"(anonymous_25)","decl":{"start":{"line":236,"column":48},"end":{"line":236,"column":49}},"loc":{"start":{"line":236,"column":61},"end":{"line":242,"column":29}},"line":236},"26":{"name":"(anonymous_26)","decl":{"start":{"line":246,"column":63},"end":{"line":246,"column":64}},"loc":{"start":{"line":246,"column":76},"end":{"line":251,"column":29}},"line":246},"27":{"name":"(anonymous_27)","decl":{"start":{"line":284,"column":57},"end":{"line":284,"column":58}},"loc":{"start":{"line":284,"column":79},"end":{"line":297,"column":31}},"line":284},"28":{"name":"(anonymous_28)","decl":{"start":{"line":300,"column":33},"end":{"line":300,"column":34}},"loc":{"start":{"line":300,"column":45},"end":{"line":305,"column":27}},"line":300},"29":{"name":"(anonymous_29)","decl":{"start":{"line":307,"column":29},"end":{"line":307,"column":30}},"loc":{"start":{"line":307,"column":41},"end":{"line":312,"column":23}},"line":307},"30":{"name":"(anonymous_30)","decl":{"start":{"line":314,"column":25},"end":{"line":314,"column":26}},"loc":{"start":{"line":314,"column":37},"end":{"line":319,"column":19}},"line":314},"31":{"name":"(anonymous_31)","decl":{"start":{"line":321,"column":21},"end":{"line":321,"column":22}},"loc":{"start":{"line":321,"column":33},"end":{"line":324,"column":15}},"line":321},"32":{"name":"(anonymous_32)","decl":{"start":{"line":338,"column":50},"end":{"line":338,"column":51}},"loc":{"start":{"line":338,"column":73},"end":{"line":369,"column":1}},"line":338},"33":{"name":"(anonymous_33)","decl":{"start":{"line":343,"column":6},"end":{"line":343,"column":7}},"loc":{"start":{"line":343,"column":26},"end":{"line":360,"column":7}},"line":343}},"branchMap":{"0":{"loc":{"start":{"line":12,"column":6},"end":{"line":16,"column":7}},"type":"if","locations":[{"start":{"line":12,"column":6},"end":{"line":16,"column":7}},{"start":{},"end":{}}],"line":12},"1":{"loc":{"start":{"line":25,"column":8},"end":{"line":50,"column":9}},"type":"if","locations":[{"start":{"line":25,"column":8},"end":{"line":50,"column":9}},{"start":{"line":45,"column":15},"end":{"line":50,"column":9}}],"line":25},"2":{"loc":{"start":{"line":27,"column":12},"end":{"line":37,"column":13}},"type":"if","locations":[{"start":{"line":27,"column":12},"end":{"line":37,"column":13}},{"start":{},"end":{}}],"line":27},"3":{"loc":{"start":{"line":31,"column":14},"end":{"line":36,"column":15}},"type":"if","locations":[{"start":{"line":31,"column":14},"end":{"line":36,"column":15}},{"start":{},"end":{}}],"line":31},"4":{"loc":{"start":{"line":40,"column":10},"end":{"line":44,"column":11}},"type":"if","locations":[{"start":{"line":40,"column":10},"end":{"line":44,"column":11}},{"start":{},"end":{}}],"line":40},"5":{"loc":{"start":{"line":75,"column":4},"end":{"line":139,"column":5}},"type":"if","locations":[{"start":{"line":75,"column":4},"end":{"line":139,"column":5}},{"start":{"line":133,"column":11},"end":{"line":139,"column":5}}],"line":75},"6":{"loc":{"start":{"line":84,"column":10},"end":{"line":130,"column":11}},"type":"if","locations":[{"start":{"line":84,"column":10},"end":{"line":130,"column":11}},{"start":{"line":86,"column":17},"end":{"line":130,"column":11}}],"line":84},"7":{"loc":{"start":{"line":87,"column":12},"end":{"line":129,"column":13}},"type":"if","locations":[{"start":{"line":87,"column":12},"end":{"line":129,"column":13}},{"start":{"line":98,"column":19},"end":{"line":129,"column":13}}],"line":87},"8":{"loc":{"start":{"line":108,"column":14},"end":{"line":118,"column":15}},"type":"if","locations":[{"start":{"line":108,"column":14},"end":{"line":118,"column":15}},{"start":{"line":115,"column":21},"end":{"line":118,"column":15}}],"line":108},"9":{"loc":{"start":{"line":109,"column":16},"end":{"line":110,"column":36}},"type":"binary-expr","locations":[{"start":{"line":109,"column":16},"end":{"line":109,"column":64}},{"start":{"line":110,"column":16},"end":{"line":110,"column":36}}],"line":109},"10":{"loc":{"start":{"line":149,"column":2},"end":{"line":335,"column":3}},"type":"if","locations":[{"start":{"line":149,"column":2},"end":{"line":335,"column":3}},{"start":{"line":329,"column":9},"end":{"line":335,"column":3}}],"line":149},"11":{"loc":{"start":{"line":153,"column":8},"end":{"line":326,"column":9}},"type":"if","locations":[{"start":{"line":153,"column":8},"end":{"line":326,"column":9}},{"start":{"line":157,"column":15},"end":{"line":326,"column":9}}],"line":153},"12":{"loc":{"start":{"line":170,"column":10},"end":{"line":325,"column":11}},"type":"if","locations":[{"start":{"line":170,"column":10},"end":{"line":325,"column":11}},{"start":{"line":174,"column":17},"end":{"line":325,"column":11}}],"line":170},"13":{"loc":{"start":{"line":190,"column":18},"end":{"line":192,"column":19}},"type":"if","locations":[{"start":{"line":190,"column":18},"end":{"line":192,"column":19}},{"start":{},"end":{}}],"line":190},"14":{"loc":{"start":{"line":207,"column":22},"end":{"line":209,"column":23}},"type":"if","locations":[{"start":{"line":207,"column":22},"end":{"line":209,"column":23}},{"start":{},"end":{}}],"line":207},"15":{"loc":{"start":{"line":223,"column":26},"end":{"line":225,"column":27}},"type":"if","locations":[{"start":{"line":223,"column":26},"end":{"line":225,"column":27}},{"start":{},"end":{}}],"line":223},"16":{"loc":{"start":{"line":239,"column":30},"end":{"line":241,"column":31}},"type":"if","locations":[{"start":{"line":239,"column":30},"end":{"line":241,"column":31}},{"start":{},"end":{}}],"line":239},"17":{"loc":{"start":{"line":249,"column":32},"end":{"line":249,"column":58}},"type":"cond-expr","locations":[{"start":{"line":249,"column":53},"end":{"line":249,"column":54}},{"start":{"line":249,"column":57},"end":{"line":249,"column":58}}],"line":249},"18":{"loc":{"start":{"line":250,"column":53},"end":{"line":250,"column":79}},"type":"cond-expr","locations":[{"start":{"line":250,"column":74},"end":{"line":250,"column":75}},{"start":{"line":250,"column":78},"end":{"line":250,"column":79}}],"line":250},"19":{"loc":{"start":{"line":253,"column":28},"end":{"line":298,"column":29}},"type":"if","locations":[{"start":{"line":253,"column":28},"end":{"line":298,"column":29}},{"start":{"line":266,"column":35},"end":{"line":298,"column":29}}],"line":253},"20":{"loc":{"start":{"line":254,"column":30},"end":{"line":255,"column":57}},"type":"binary-expr","locations":[{"start":{"line":254,"column":30},"end":{"line":254,"column":54}},{"start":{"line":255,"column":30},"end":{"line":255,"column":57}}],"line":254},"21":{"loc":{"start":{"line":268,"column":30},"end":{"line":282,"column":31}},"type":"if","locations":[{"start":{"line":268,"column":30},"end":{"line":282,"column":31}},{"start":{"line":276,"column":37},"end":{"line":282,"column":31}}],"line":268},"22":{"loc":{"start":{"line":285,"column":32},"end":{"line":296,"column":33}},"type":"if","locations":[{"start":{"line":285,"column":32},"end":{"line":296,"column":33}},{"start":{"line":292,"column":39},"end":{"line":296,"column":33}}],"line":285},"23":{"loc":{"start":{"line":339,"column":2},"end":{"line":368,"column":3}},"type":"if","locations":[{"start":{"line":339,"column":2},"end":{"line":368,"column":3}},{"start":{"line":362,"column":9},"end":{"line":368,"column":3}}],"line":339},"24":{"loc":{"start":{"line":344,"column":8},"end":{"line":359,"column":9}},"type":"if","locations":[{"start":{"line":344,"column":8},"end":{"line":359,"column":9}},{"start":{"line":347,"column":15},"end":{"line":359,"column":9}}],"line":344},"25":{"loc":{"start":{"line":348,"column":10},"end":{"line":358,"column":11}},"type":"if","locations":[{"start":{"line":348,"column":10},"end":{"line":358,"column":11}},{"start":{"line":352,"column":17},"end":{"line":358,"column":11}}],"line":348}},"s":{"0":1,"1":1,"2":1,"3":1,"4":1,"5":1,"6":1,"7":0,"8":0,"9":0,"10":0,"11":0,"12":0,"13":0,"14":0,"15":0,"16":0,"17":0,"18":0,"19":0,"20":0,"21":0,"22":0,"23":0,"24":0,"25":0,"26":0,"27":0,"28":0,"29":0,"30":0,"31":0,"32":0,"33":0,"34":0,"35":0,"36":0,"37":0,"38":0,"39":0,"40":1,"41":0,"42":0,"43":0,"44":0,"45":0,"46":0,"47":0,"48":0,"49":0,"50":0,"51":0,"52":0,"53":0,"54":0,"55":0,"56":0,"57":0,"58":0,"59":0,"60":0,"61":0,"62":0,"63":0,"64":1,"65":0,"66":1,"67":0,"68":0,"69":0,"70":0,"71":0,"72":0,"73":0,"74":0,"75":0,"76":0,"77":0,"78":0,"79":0,"80":0,"81":0,"82":0,"83":0,"84":0,"85":0,"86":0,"87":0,"88":0,"89":0,"90":0,"91":0,"92":0,"93":0,"94":0,"95":0,"96":0,"97":0,"98":0,"99":0,"100":0,"101":0,"102":0,"103":0,"104":0,"105":0,"106":0,"107":0,"108":0,"109":0,"110":0,"111":0,"112":0,"113":0,"114":0,"115":0,"116":0,"117":0,"118":0,"119":0,"120":0,"121":0,"122":0,"123":0,"124":0,"125":0,"126":0,"127":0,"128":0,"129":0,"130":0,"131":0,"132":0,"133":0,"134":0,"135":0,"136":1,"137":0,"138":0,"139":0,"140":0,"141":0,"142":0,"143":0,"144":0,"145":0,"146":0,"147":0,"148":0,"149":1},"f":{"0":0,"1":0,"2":0,"3":0,"4":0,"5":0,"6":0,"7":0,"8":0,"9":0,"10":0,"11":0,"12":0,"13":0,"14":0,"15":0,"16":0,"17":0,"18":0,"19":0,"20":0,"21":0,"22":0,"23":0,"24":0,"25":0,"26":0,"27":0,"28":0,"29":0,"30":0,"31":0,"32":0,"33":0},"b":{"0":[0,0],"1":[0,0],"2":[0,0],"3":[0,0],"4":[0,0],"5":[0,0],"6":[0,0],"7":[0,0],"8":[0,0],"9":[0,0],"10":[0,0],"11":[0,0],"12":[0,0],"13":[0,0],"14":[0,0],"15":[0,0],"16":[0,0],"17":[0,0],"18":[0,0],"19":[0,0],"20":[0,0],"21":[0,0],"22":[0,0],"23":[0,0],"24":[0,0],"25":[0,0]},"_coverageSchema":"1a1c01bbd47fc00a2c39e90264f33305004495a9","hash":"4f45472c9329d2d7b7e07c0aba95e539c5afb6eb"}
,"/Users/galvao/workspace/sorteio-vagas/routes/unidades.js": {"path":"/Users/galvao/workspace/sorteio-vagas/routes/unidades.js","statementMap":{"0":{"start":{"line":1,"column":16},"end":{"line":1,"column":34}},"1":{"start":{"line":2,"column":36},"end":{"line":2,"column":64}},"2":{"start":{"line":3,"column":15},"end":{"line":3,"column":31}},"3":{"start":{"line":4,"column":25},"end":{"line":4,"column":58}},"4":{"start":{"line":5,"column":17},"end":{"line":5,"column":37}},"5":{"start":{"line":6,"column":13},"end":{"line":6,"column":31}},"6":{"start":{"line":8,"column":0},"end":{"line":61,"column":3}},"7":{"start":{"line":9,"column":2},"end":{"line":60,"column":5}},"8":{"start":{"line":10,"column":4},"end":{"line":59,"column":5}},"9":{"start":{"line":11,"column":6},"end":{"line":58,"column":7}},"10":{"start":{"line":12,"column":8},"end":{"line":51,"column":10}},"11":{"start":{"line":16,"column":12},"end":{"line":49,"column":13}},"12":{"start":{"line":17,"column":14},"end":{"line":17,"column":41}},"13":{"start":{"line":20,"column":14},"end":{"line":29,"column":15}},"14":{"start":{"line":24,"column":37},"end":{"line":27,"column":17}},"15":{"start":{"line":28,"column":16},"end":{"line":28,"column":151}},"16":{"start":{"line":30,"column":35},"end":{"line":30,"column":37}},"17":{"start":{"line":31,"column":14},"end":{"line":39,"column":17}},"18":{"start":{"line":32,"column":16},"end":{"line":38,"column":18}},"19":{"start":{"line":40,"column":14},"end":{"line":48,"column":17}},"20":{"start":{"line":53,"column":8},"end":{"line":53,"column":72}},"21":{"start":{"line":54,"column":8},"end":{"line":57,"column":11}},"22":{"start":{"line":63,"column":0},"end":{"line":123,"column":2}},"23":{"start":{"line":89,"column":18},"end":{"line":89,"column":72}},"24":{"start":{"line":89,"column":68},"end":{"line":89,"column":71}},"25":{"start":{"line":90,"column":21},"end":{"line":90,"column":37}},"26":{"start":{"line":91,"column":4},"end":{"line":121,"column":5}},"27":{"start":{"line":92,"column":6},"end":{"line":92,"column":58}},"28":{"start":{"line":94,"column":6},"end":{"line":120,"column":7}},"29":{"start":{"line":95,"column":24},"end":{"line":95,"column":44}},"30":{"start":{"line":96,"column":25},"end":{"line":96,"column":46}},"31":{"start":{"line":97,"column":8},"end":{"line":99,"column":10}},"32":{"start":{"line":100,"column":8},"end":{"line":113,"column":10}},"33":{"start":{"line":104,"column":12},"end":{"line":111,"column":13}},"34":{"start":{"line":105,"column":14},"end":{"line":105,"column":78}},"35":{"start":{"line":107,"column":14},"end":{"line":110,"column":17}},"36":{"start":{"line":115,"column":8},"end":{"line":115,"column":72}},"37":{"start":{"line":116,"column":8},"end":{"line":119,"column":11}},"38":{"start":{"line":125,"column":0},"end":{"line":183,"column":2}},"39":{"start":{"line":149,"column":18},"end":{"line":149,"column":72}},"40":{"start":{"line":149,"column":68},"end":{"line":149,"column":71}},"41":{"start":{"line":150,"column":21},"end":{"line":150,"column":37}},"42":{"start":{"line":151,"column":4},"end":{"line":181,"column":5}},"43":{"start":{"line":152,"column":6},"end":{"line":152,"column":58}},"44":{"start":{"line":154,"column":6},"end":{"line":180,"column":7}},"45":{"start":{"line":155,"column":24},"end":{"line":155,"column":44}},"46":{"start":{"line":156,"column":20},"end":{"line":156,"column":36}},"47":{"start":{"line":157,"column":8},"end":{"line":159,"column":10}},"48":{"start":{"line":160,"column":8},"end":{"line":173,"column":10}},"49":{"start":{"line":164,"column":12},"end":{"line":171,"column":13}},"50":{"start":{"line":165,"column":14},"end":{"line":165,"column":78}},"51":{"start":{"line":167,"column":14},"end":{"line":170,"column":17}},"52":{"start":{"line":175,"column":8},"end":{"line":175,"column":72}},"53":{"start":{"line":176,"column":8},"end":{"line":179,"column":11}},"54":{"start":{"line":185,"column":0},"end":{"line":243,"column":2}},"55":{"start":{"line":209,"column":18},"end":{"line":209,"column":72}},"56":{"start":{"line":209,"column":68},"end":{"line":209,"column":71}},"57":{"start":{"line":210,"column":21},"end":{"line":210,"column":37}},"58":{"start":{"line":211,"column":4},"end":{"line":241,"column":5}},"59":{"start":{"line":212,"column":6},"end":{"line":212,"column":58}},"60":{"start":{"line":214,"column":6},"end":{"line":240,"column":7}},"61":{"start":{"line":215,"column":24},"end":{"line":215,"column":44}},"62":{"start":{"line":216,"column":27},"end":{"line":216,"column":50}},"63":{"start":{"line":217,"column":8},"end":{"line":219,"column":10}},"64":{"start":{"line":220,"column":8},"end":{"line":233,"column":10}},"65":{"start":{"line":224,"column":12},"end":{"line":231,"column":13}},"66":{"start":{"line":225,"column":14},"end":{"line":225,"column":78}},"67":{"start":{"line":227,"column":14},"end":{"line":230,"column":17}},"68":{"start":{"line":235,"column":8},"end":{"line":235,"column":72}},"69":{"start":{"line":236,"column":8},"end":{"line":239,"column":11}},"70":{"start":{"line":245,"column":0},"end":{"line":294,"column":2}},"71":{"start":{"line":261,"column":18},"end":{"line":261,"column":72}},"72":{"start":{"line":261,"column":68},"end":{"line":261,"column":71}},"73":{"start":{"line":262,"column":21},"end":{"line":262,"column":37}},"74":{"start":{"line":263,"column":4},"end":{"line":292,"column":5}},"75":{"start":{"line":264,"column":6},"end":{"line":264,"column":58}},"76":{"start":{"line":266,"column":6},"end":{"line":291,"column":7}},"77":{"start":{"line":267,"column":24},"end":{"line":267,"column":44}},"78":{"start":{"line":268,"column":8},"end":{"line":270,"column":10}},"79":{"start":{"line":271,"column":8},"end":{"line":284,"column":10}},"80":{"start":{"line":275,"column":12},"end":{"line":282,"column":13}},"81":{"start":{"line":276,"column":14},"end":{"line":276,"column":78}},"82":{"start":{"line":278,"column":14},"end":{"line":281,"column":17}},"83":{"start":{"line":286,"column":8},"end":{"line":286,"column":72}},"84":{"start":{"line":287,"column":8},"end":{"line":290,"column":11}},"85":{"start":{"line":296,"column":0},"end":{"line":296,"column":24}}},"fnMap":{"0":{"name":"(anonymous_0)","decl":{"start":{"line":8,"column":40},"end":{"line":8,"column":41}},"loc":{"start":{"line":8,"column":63},"end":{"line":61,"column":1}},"line":8},"1":{"name":"(anonymous_1)","decl":{"start":{"line":9,"column":53},"end":{"line":9,"column":54}},"loc":{"start":{"line":9,"column":66},"end":{"line":60,"column":3}},"line":9},"2":{"name":"(anonymous_2)","decl":{"start":{"line":15,"column":10},"end":{"line":15,"column":11}},"loc":{"start":{"line":15,"column":30},"end":{"line":50,"column":11}},"line":15},"3":{"name":"(anonymous_3)","decl":{"start":{"line":31,"column":38},"end":{"line":31,"column":39}},"loc":{"start":{"line":31,"column":47},"end":{"line":39,"column":15}},"line":31},"4":{"name":"(anonymous_4)","decl":{"start":{"line":88,"column":2},"end":{"line":88,"column":3}},"loc":{"start":{"line":88,"column":25},"end":{"line":122,"column":3}},"line":88},"5":{"name":"(anonymous_5)","decl":{"start":{"line":89,"column":55},"end":{"line":89,"column":56}},"loc":{"start":{"line":89,"column":68},"end":{"line":89,"column":71}},"line":89},"6":{"name":"(anonymous_6)","decl":{"start":{"line":103,"column":10},"end":{"line":103,"column":11}},"loc":{"start":{"line":103,"column":32},"end":{"line":112,"column":11}},"line":103},"7":{"name":"(anonymous_7)","decl":{"start":{"line":148,"column":2},"end":{"line":148,"column":3}},"loc":{"start":{"line":148,"column":25},"end":{"line":182,"column":3}},"line":148},"8":{"name":"(anonymous_8)","decl":{"start":{"line":149,"column":55},"end":{"line":149,"column":56}},"loc":{"start":{"line":149,"column":68},"end":{"line":149,"column":71}},"line":149},"9":{"name":"(anonymous_9)","decl":{"start":{"line":163,"column":10},"end":{"line":163,"column":11}},"loc":{"start":{"line":163,"column":32},"end":{"line":172,"column":11}},"line":163},"10":{"name":"(anonymous_10)","decl":{"start":{"line":208,"column":2},"end":{"line":208,"column":3}},"loc":{"start":{"line":208,"column":25},"end":{"line":242,"column":3}},"line":208},"11":{"name":"(anonymous_11)","decl":{"start":{"line":209,"column":55},"end":{"line":209,"column":56}},"loc":{"start":{"line":209,"column":68},"end":{"line":209,"column":71}},"line":209},"12":{"name":"(anonymous_12)","decl":{"start":{"line":223,"column":10},"end":{"line":223,"column":11}},"loc":{"start":{"line":223,"column":32},"end":{"line":232,"column":11}},"line":223},"13":{"name":"(anonymous_13)","decl":{"start":{"line":260,"column":2},"end":{"line":260,"column":3}},"loc":{"start":{"line":260,"column":25},"end":{"line":293,"column":3}},"line":260},"14":{"name":"(anonymous_14)","decl":{"start":{"line":261,"column":55},"end":{"line":261,"column":56}},"loc":{"start":{"line":261,"column":68},"end":{"line":261,"column":71}},"line":261},"15":{"name":"(anonymous_15)","decl":{"start":{"line":274,"column":10},"end":{"line":274,"column":11}},"loc":{"start":{"line":274,"column":32},"end":{"line":283,"column":11}},"line":274}},"branchMap":{"0":{"loc":{"start":{"line":10,"column":4},"end":{"line":59,"column":5}},"type":"if","locations":[{"start":{"line":10,"column":4},"end":{"line":59,"column":5}},{"start":{},"end":{}}],"line":10},"1":{"loc":{"start":{"line":11,"column":6},"end":{"line":58,"column":7}},"type":"if","locations":[{"start":{"line":11,"column":6},"end":{"line":58,"column":7}},{"start":{"line":52,"column":13},"end":{"line":58,"column":7}}],"line":11},"2":{"loc":{"start":{"line":16,"column":12},"end":{"line":49,"column":13}},"type":"if","locations":[{"start":{"line":16,"column":12},"end":{"line":49,"column":13}},{"start":{"line":18,"column":19},"end":{"line":49,"column":13}}],"line":16},"3":{"loc":{"start":{"line":20,"column":14},"end":{"line":29,"column":15}},"type":"if","locations":[{"start":{"line":20,"column":14},"end":{"line":29,"column":15}},{"start":{},"end":{}}],"line":20},"4":{"loc":{"start":{"line":91,"column":4},"end":{"line":121,"column":5}},"type":"if","locations":[{"start":{"line":91,"column":4},"end":{"line":121,"column":5}},{"start":{"line":93,"column":11},"end":{"line":121,"column":5}}],"line":91},"5":{"loc":{"start":{"line":94,"column":6},"end":{"line":120,"column":7}},"type":"if","locations":[{"start":{"line":94,"column":6},"end":{"line":120,"column":7}},{"start":{"line":114,"column":13},"end":{"line":120,"column":7}}],"line":94},"6":{"loc":{"start":{"line":104,"column":12},"end":{"line":111,"column":13}},"type":"if","locations":[{"start":{"line":104,"column":12},"end":{"line":111,"column":13}},{"start":{"line":106,"column":19},"end":{"line":111,"column":13}}],"line":104},"7":{"loc":{"start":{"line":151,"column":4},"end":{"line":181,"column":5}},"type":"if","locations":[{"start":{"line":151,"column":4},"end":{"line":181,"column":5}},{"start":{"line":153,"column":11},"end":{"line":181,"column":5}}],"line":151},"8":{"loc":{"start":{"line":154,"column":6},"end":{"line":180,"column":7}},"type":"if","locations":[{"start":{"line":154,"column":6},"end":{"line":180,"column":7}},{"start":{"line":174,"column":13},"end":{"line":180,"column":7}}],"line":154},"9":{"loc":{"start":{"line":164,"column":12},"end":{"line":171,"column":13}},"type":"if","locations":[{"start":{"line":164,"column":12},"end":{"line":171,"column":13}},{"start":{"line":166,"column":19},"end":{"line":171,"column":13}}],"line":164},"10":{"loc":{"start":{"line":211,"column":4},"end":{"line":241,"column":5}},"type":"if","locations":[{"start":{"line":211,"column":4},"end":{"line":241,"column":5}},{"start":{"line":213,"column":11},"end":{"line":241,"column":5}}],"line":211},"11":{"loc":{"start":{"line":214,"column":6},"end":{"line":240,"column":7}},"type":"if","locations":[{"start":{"line":214,"column":6},"end":{"line":240,"column":7}},{"start":{"line":234,"column":13},"end":{"line":240,"column":7}}],"line":214},"12":{"loc":{"start":{"line":224,"column":12},"end":{"line":231,"column":13}},"type":"if","locations":[{"start":{"line":224,"column":12},"end":{"line":231,"column":13}},{"start":{"line":226,"column":19},"end":{"line":231,"column":13}}],"line":224},"13":{"loc":{"start":{"line":263,"column":4},"end":{"line":292,"column":5}},"type":"if","locations":[{"start":{"line":263,"column":4},"end":{"line":292,"column":5}},{"start":{"line":265,"column":11},"end":{"line":292,"column":5}}],"line":263},"14":{"loc":{"start":{"line":266,"column":6},"end":{"line":291,"column":7}},"type":"if","locations":[{"start":{"line":266,"column":6},"end":{"line":291,"column":7}},{"start":{"line":285,"column":13},"end":{"line":291,"column":7}}],"line":266},"15":{"loc":{"start":{"line":275,"column":12},"end":{"line":282,"column":13}},"type":"if","locations":[{"start":{"line":275,"column":12},"end":{"line":282,"column":13}},{"start":{"line":277,"column":19},"end":{"line":282,"column":13}}],"line":275}},"s":{"0":1,"1":1,"2":1,"3":1,"4":1,"5":1,"6":1,"7":0,"8":0,"9":0,"10":0,"11":0,"12":0,"13":0,"14":0,"15":0,"16":0,"17":0,"18":0,"19":0,"20":0,"21":0,"22":1,"23":0,"24":0,"25":0,"26":0,"27":0,"28":0,"29":0,"30":0,"31":0,"32":0,"33":0,"34":0,"35":0,"36":0,"37":0,"38":1,"39":0,"40":0,"41":0,"42":0,"43":0,"44":0,"45":0,"46":0,"47":0,"48":0,"49":0,"50":0,"51":0,"52":0,"53":0,"54":1,"55":0,"56":0,"57":0,"58":0,"59":0,"60":0,"61":0,"62":0,"63":0,"64":0,"65":0,"66":0,"67":0,"68":0,"69":0,"70":1,"71":0,"72":0,"73":0,"74":0,"75":0,"76":0,"77":0,"78":0,"79":0,"80":0,"81":0,"82":0,"83":0,"84":0,"85":1},"f":{"0":0,"1":0,"2":0,"3":0,"4":0,"5":0,"6":0,"7":0,"8":0,"9":0,"10":0,"11":0,"12":0,"13":0,"14":0,"15":0},"b":{"0":[0,0],"1":[0,0],"2":[0,0],"3":[0,0],"4":[0,0],"5":[0,0],"6":[0,0],"7":[0,0],"8":[0,0],"9":[0,0],"10":[0,0],"11":[0,0],"12":[0,0],"13":[0,0],"14":[0,0],"15":[0,0]},"_coverageSchema":"1a1c01bbd47fc00a2c39e90264f33305004495a9","hash":"3f870b499c08aed8beafc390eace614362723f0c"}
,"/Users/galvao/workspace/sorteio-vagas/routes/vagas.js": {"path":"/Users/galvao/workspace/sorteio-vagas/routes/vagas.js","statementMap":{"0":{"start":{"line":1,"column":16},"end":{"line":1,"column":34}},"1":{"start":{"line":2,"column":36},"end":{"line":2,"column":64}},"2":{"start":{"line":3,"column":15},"end":{"line":3,"column":31}},"3":{"start":{"line":4,"column":25},"end":{"line":4,"column":58}},"4":{"start":{"line":5,"column":17},"end":{"line":5,"column":37}},"5":{"start":{"line":6,"column":13},"end":{"line":6,"column":31}},"6":{"start":{"line":8,"column":0},"end":{"line":63,"column":3}},"7":{"start":{"line":9,"column":2},"end":{"line":62,"column":6}},"8":{"start":{"line":11,"column":6},"end":{"line":61,"column":7}},"9":{"start":{"line":12,"column":8},"end":{"line":60,"column":10}},"10":{"start":{"line":16,"column":12},"end":{"line":58,"column":13}},"11":{"start":{"line":17,"column":14},"end":{"line":17,"column":41}},"12":{"start":{"line":19,"column":14},"end":{"line":57,"column":15}},"13":{"start":{"line":20,"column":16},"end":{"line":29,"column":19}},"14":{"start":{"line":31,"column":37},"end":{"line":34,"column":17}},"15":{"start":{"line":36,"column":16},"end":{"line":42,"column":17}},"16":{"start":{"line":37,"column":18},"end":{"line":40,"column":20}},"17":{"start":{"line":41,"column":18},"end":{"line":41,"column":153}},"18":{"start":{"line":43,"column":34},"end":{"line":43,"column":36}},"19":{"start":{"line":44,"column":16},"end":{"line":46,"column":19}},"20":{"start":{"line":45,"column":18},"end":{"line":45,"column":81}},"21":{"start":{"line":47,"column":16},"end":{"line":56,"column":19}},"22":{"start":{"line":65,"column":0},"end":{"line":110,"column":2}},"23":{"start":{"line":81,"column":19},"end":{"line":81,"column":73}},"24":{"start":{"line":81,"column":69},"end":{"line":81,"column":72}},"25":{"start":{"line":82,"column":21},"end":{"line":82,"column":38}},"26":{"start":{"line":83,"column":4},"end":{"line":108,"column":5}},"27":{"start":{"line":84,"column":6},"end":{"line":84,"column":59}},"28":{"start":{"line":86,"column":6},"end":{"line":107,"column":7}},"29":{"start":{"line":87,"column":23},"end":{"line":87,"column":42}},"30":{"start":{"line":88,"column":27},"end":{"line":88,"column":50}},"31":{"start":{"line":89,"column":8},"end":{"line":100,"column":11}},"32":{"start":{"line":91,"column":10},"end":{"line":99,"column":11}},"33":{"start":{"line":92,"column":12},"end":{"line":92,"column":31}},"34":{"start":{"line":93,"column":12},"end":{"line":93,"column":75}},"35":{"start":{"line":95,"column":12},"end":{"line":98,"column":15}},"36":{"start":{"line":102,"column":8},"end":{"line":102,"column":72}},"37":{"start":{"line":103,"column":8},"end":{"line":106,"column":11}},"38":{"start":{"line":112,"column":0},"end":{"line":112,"column":24}}},"fnMap":{"0":{"name":"(anonymous_0)","decl":{"start":{"line":8,"column":38},"end":{"line":8,"column":39}},"loc":{"start":{"line":8,"column":67},"end":{"line":63,"column":1}},"line":8},"1":{"name":"(anonymous_1)","decl":{"start":{"line":10,"column":10},"end":{"line":10,"column":11}},"loc":{"start":{"line":10,"column":23},"end":{"line":62,"column":5}},"line":10},"2":{"name":"(anonymous_2)","decl":{"start":{"line":15,"column":10},"end":{"line":15,"column":11}},"loc":{"start":{"line":15,"column":30},"end":{"line":59,"column":11}},"line":15},"3":{"name":"(anonymous_3)","decl":{"start":{"line":44,"column":40},"end":{"line":44,"column":41}},"loc":{"start":{"line":44,"column":49},"end":{"line":46,"column":17}},"line":44},"4":{"name":"(anonymous_4)","decl":{"start":{"line":80,"column":2},"end":{"line":80,"column":3}},"loc":{"start":{"line":80,"column":25},"end":{"line":109,"column":3}},"line":80},"5":{"name":"(anonymous_5)","decl":{"start":{"line":81,"column":56},"end":{"line":81,"column":57}},"loc":{"start":{"line":81,"column":69},"end":{"line":81,"column":72}},"line":81},"6":{"name":"(anonymous_6)","decl":{"start":{"line":90,"column":32},"end":{"line":90,"column":33}},"loc":{"start":{"line":90,"column":58},"end":{"line":100,"column":9}},"line":90}},"branchMap":{"0":{"loc":{"start":{"line":11,"column":6},"end":{"line":61,"column":7}},"type":"if","locations":[{"start":{"line":11,"column":6},"end":{"line":61,"column":7}},{"start":{},"end":{}}],"line":11},"1":{"loc":{"start":{"line":16,"column":12},"end":{"line":58,"column":13}},"type":"if","locations":[{"start":{"line":16,"column":12},"end":{"line":58,"column":13}},{"start":{"line":18,"column":19},"end":{"line":58,"column":13}}],"line":16},"2":{"loc":{"start":{"line":19,"column":14},"end":{"line":57,"column":15}},"type":"if","locations":[{"start":{"line":19,"column":14},"end":{"line":57,"column":15}},{"start":{"line":30,"column":21},"end":{"line":57,"column":15}}],"line":19},"3":{"loc":{"start":{"line":36,"column":16},"end":{"line":42,"column":17}},"type":"if","locations":[{"start":{"line":36,"column":16},"end":{"line":42,"column":17}},{"start":{},"end":{}}],"line":36},"4":{"loc":{"start":{"line":83,"column":4},"end":{"line":108,"column":5}},"type":"if","locations":[{"start":{"line":83,"column":4},"end":{"line":108,"column":5}},{"start":{"line":85,"column":11},"end":{"line":108,"column":5}}],"line":83},"5":{"loc":{"start":{"line":86,"column":6},"end":{"line":107,"column":7}},"type":"if","locations":[{"start":{"line":86,"column":6},"end":{"line":107,"column":7}},{"start":{"line":101,"column":13},"end":{"line":107,"column":7}}],"line":86},"6":{"loc":{"start":{"line":91,"column":10},"end":{"line":99,"column":11}},"type":"if","locations":[{"start":{"line":91,"column":10},"end":{"line":99,"column":11}},{"start":{"line":94,"column":17},"end":{"line":99,"column":11}}],"line":91}},"s":{"0":1,"1":1,"2":1,"3":1,"4":1,"5":1,"6":1,"7":0,"8":0,"9":0,"10":0,"11":0,"12":0,"13":0,"14":0,"15":0,"16":0,"17":0,"18":0,"19":0,"20":0,"21":0,"22":1,"23":0,"24":0,"25":0,"26":0,"27":0,"28":0,"29":0,"30":0,"31":0,"32":0,"33":0,"34":0,"35":0,"36":0,"37":0,"38":1},"f":{"0":0,"1":0,"2":0,"3":0,"4":0,"5":0,"6":0},"b":{"0":[0,0],"1":[0,0],"2":[0,0],"3":[0,0],"4":[0,0],"5":[0,0],"6":[0,0]},"_coverageSchema":"1a1c01bbd47fc00a2c39e90264f33305004495a9","hash":"a1d0135a348cf757ea34f516551b91b6ee2b09e8"}
}
