TN:
SF:config.js
FNF:0
FNH:0
DA:1,2
DA:3,2
DA:4,2
DA:6,2
DA:8,2
DA:13,2
LF:6
LH:6
BRDA:9,0,0,0
BRDA:9,0,1,2
BRDA:10,1,0,0
BRDA:10,1,1,2
BRF:4
BRH:2
end_of_record
TN:
SF:index.js
FN:71,(anonymous_0)
FN:71,(anonymous_1)
FN:72,(anonymous_2)
FN:72,(anonymous_3)
FN:88,redisConnect
FN:91,(anonymous_5)
FN:100,(anonymous_6)
FN:135,(anonymous_7)
FN:164,(anonymous_8)
FN:184,(anonymous_9)
FN:193,(anonymous_10)
FN:284,(anonymous_11)
FN:293,(anonymous_12)
FNF:13
FNH:5
FNDA:0,(anonymous_0)
FNDA:0,(anonymous_1)
FNDA:0,(anonymous_2)
FNDA:0,(anonymous_3)
FNDA:1,redisConnect
FNDA:0,(anonymous_5)
FNDA:2,(anonymous_6)
FNDA:3,(anonymous_7)
FNDA:0,(anonymous_8)
FNDA:2,(anonymous_9)
FNDA:0,(anonymous_10)
FNDA:1,(anonymous_11)
FNDA:0,(anonymous_12)
DA:1,1
DA:2,1
DA:3,1
DA:4,1
DA:6,1
DA:7,1
DA:8,1
DA:10,1
DA:12,1
DA:13,1
DA:15,1
DA:16,1
DA:17,1
DA:18,1
DA:19,1
DA:20,1
DA:21,1
DA:43,1
DA:44,1
DA:45,1
DA:46,1
DA:48,1
DA:63,1
DA:65,1
DA:66,1
DA:68,1
DA:69,1
DA:71,0
DA:72,0
DA:76,1
DA:77,1
DA:78,1
DA:89,1
DA:91,1
DA:92,0
DA:95,1
DA:98,1
DA:101,2
DA:102,2
DA:104,2
DA:107,0
DA:108,0
DA:125,1
DA:126,1
DA:127,1
DA:130,1
DA:135,1
DA:136,3
DA:137,3
DA:138,0
DA:142,0
DA:147,3
DA:148,0
DA:149,0
DA:153,3
DA:154,3
DA:156,3
DA:161,0
DA:162,0
DA:165,0
DA:166,0
DA:168,0
DA:169,0
DA:170,0
DA:179,3
DA:180,3
DA:181,3
DA:184,1
DA:185,2
DA:187,0
DA:188,0
DA:189,0
DA:194,0
DA:195,0
DA:197,0
DA:198,0
DA:215,0
DA:230,0
DA:231,0
DA:234,0
DA:244,2
DA:256,1
DA:257,1
DA:258,1
DA:259,1
DA:260,1
DA:261,1
DA:263,1
DA:264,1
DA:265,1
DA:266,1
DA:267,1
DA:268,1
DA:271,1
DA:272,1
DA:274,1
DA:275,1
DA:291,1
DA:293,0
DA:294,0
LF:100
LH:71
BRDA:2,0,0,1
BRDA:2,0,1,0
BRDA:82,1,0,1
BRDA:82,1,1,0
BRDA:102,2,0,2
BRDA:102,2,1,0
BRDA:137,3,0,0
BRDA:137,3,1,3
BRDA:138,4,0,0
BRDA:138,4,1,0
BRDA:139,5,0,0
BRDA:139,5,1,0
BRDA:147,6,0,0
BRDA:147,6,1,3
BRDA:156,7,0,0
BRDA:156,7,1,3
BRDA:157,8,0,3
BRDA:157,8,1,0
BRDA:157,8,2,0
BRDA:165,9,0,0
BRDA:165,9,1,0
BRDA:168,10,0,0
BRDA:168,10,1,0
BRDA:185,11,0,0
BRDA:185,11,1,2
BRDA:187,12,0,0
BRDA:187,12,1,0
BRDA:194,13,0,0
BRDA:194,13,1,0
BRDA:197,14,0,0
BRDA:197,14,1,0
BRDA:230,15,0,0
BRDA:230,15,1,0
BRDA:239,16,0,0
BRDA:239,16,1,0
BRDA:271,17,0,1
BRDA:271,17,1,0
BRDA:272,18,0,1
BRDA:272,18,1,0
BRF:39
BRH:10
end_of_record
TN:
SF:passport-config.js
FN:4,initialize
FN:5,(anonymous_1)
FN:21,(anonymous_2)
FN:22,(anonymous_3)
FNF:4
FNH:1
FNDA:1,initialize
FNDA:0,(anonymous_1)
FNDA:0,(anonymous_2)
FNDA:0,(anonymous_3)
DA:1,1
DA:2,1
DA:5,1
DA:6,0
DA:7,0
DA:8,0
DA:10,0
DA:11,0
DA:12,0
DA:14,0
DA:17,0
DA:20,1
DA:21,1
DA:22,1
DA:23,0
DA:27,1
LF:16
LH:7
BRDA:7,0,0,0
BRDA:7,0,1,0
BRDA:11,1,0,0
BRDA:11,1,1,0
BRF:4
BRH:0
end_of_record
TN:
SF:util.js
FN:3,(anonymous_0)
FN:4,(anonymous_1)
FN:15,(anonymous_2)
FN:20,(anonymous_3)
FN:27,(anonymous_4)
FN:28,(anonymous_5)
FN:39,(anonymous_6)
FN:44,(anonymous_7)
FN:51,padTo2Digits
FN:55,(anonymous_9)
FN:87,(anonymous_10)
FN:88,(anonymous_11)
FN:96,(anonymous_12)
FNF:13
FNH:8
FNDA:1,(anonymous_0)
FNDA:1,(anonymous_1)
FNDA:1,(anonymous_2)
FNDA:0,(anonymous_3)
FNDA:2,(anonymous_4)
FNDA:2,(anonymous_5)
FNDA:1,(anonymous_6)
FNDA:0,(anonymous_7)
FNDA:10,padTo2Digits
FNDA:2,(anonymous_9)
FNDA:0,(anonymous_10)
FNDA:0,(anonymous_11)
FNDA:0,(anonymous_12)
DA:1,2
DA:3,2
DA:4,1
DA:5,1
DA:6,1
DA:7,1
DA:13,1
DA:16,1
DA:17,1
DA:18,1
DA:21,0
DA:24,1
DA:27,2
DA:28,2
DA:29,2
DA:30,2
DA:31,2
DA:37,2
DA:40,1
DA:41,1
DA:42,1
DA:45,0
DA:48,2
DA:52,10
DA:55,2
DA:56,2
DA:57,1
DA:71,1
DA:87,2
DA:88,0
DA:90,0
DA:91,0
DA:92,0
DA:97,0
DA:98,0
DA:100,0
DA:104,0
DA:120,0
DA:122,0
DA:123,0
DA:129,0
LF:41
LH:27
BRDA:56,0,0,1
BRDA:56,0,1,1
BRDA:90,1,0,0
BRDA:90,1,1,0
BRDA:97,2,0,0
BRDA:97,2,1,0
BRDA:100,3,0,0
BRDA:100,3,1,0
BRDA:101,4,0,0
BRDA:101,4,1,0
BRF:10
BRH:2
end_of_record
TN:
SF:routes/faleconosco.js
FN:13,(anonymous_0)
FNF:1
FNH:1
FNDA:1,(anonymous_0)
DA:1,1
DA:2,1
DA:3,1
DA:4,1
DA:5,1
DA:8,1
DA:13,1
DA:14,1
DA:15,1
DA:16,1
DA:17,1
DA:18,1
DA:19,0
DA:20,0
DA:25,1
DA:30,1
DA:36,1
LF:17
LH:15
BRDA:18,0,0,0
BRDA:18,0,1,1
BRDA:18,1,0,1
BRDA:18,1,1,1
BRDA:18,1,2,1
BRDA:18,1,3,1
BRF:6
BRH:5
end_of_record
TN:
SF:routes/meusdados.js
FN:7,(anonymous_0)
FN:8,(anonymous_1)
FN:18,(anonymous_2)
FN:43,(anonymous_3)
FN:67,(anonymous_4)
FN:86,(anonymous_5)
FN:87,(anonymous_6)
FN:107,(anonymous_7)
FN:121,(anonymous_8)
FNF:9
FNH:0
FNDA:0,(anonymous_0)
FNDA:0,(anonymous_1)
FNDA:0,(anonymous_2)
FNDA:0,(anonymous_3)
FNDA:0,(anonymous_4)
FNDA:0,(anonymous_5)
FNDA:0,(anonymous_6)
FNDA:0,(anonymous_7)
FNDA:0,(anonymous_8)
DA:1,1
DA:2,1
DA:3,1
DA:4,1
DA:5,1
DA:7,1
DA:8,0
DA:11,0
DA:12,0
DA:13,0
DA:14,0
DA:19,0
DA:20,0
DA:21,0
DA:24,0
DA:25,0
DA:39,0
DA:40,0
DA:42,0
DA:43,0
DA:44,0
DA:47,0
DA:60,0
DA:67,1
DA:68,0
DA:71,1
DA:87,0
DA:88,0
DA:89,0
DA:90,0
DA:92,0
DA:93,0
DA:94,0
DA:95,0
DA:98,0
DA:101,0
DA:102,0
DA:103,0
DA:105,0
DA:106,0
DA:107,0
DA:108,0
DA:110,0
DA:114,0
DA:118,0
DA:122,0
DA:123,0
DA:124,0
DA:126,0
DA:128,0
DA:129,0
DA:136,1
LF:52
LH:9
BRDA:19,0,0,0
BRDA:19,0,1,0
BRDA:24,1,0,0
BRDA:24,1,1,0
BRDA:42,2,0,0
BRDA:42,2,1,0
BRDA:89,3,0,0
BRDA:89,3,1,0
BRDA:103,4,0,0
BRDA:103,4,1,0
BRDA:106,5,0,0
BRDA:106,5,1,0
BRDA:122,6,0,0
BRDA:122,6,1,0
BRF:14
BRH:0
end_of_record
TN:
SF:routes/setup.js
FN:13,gerarToken
FN:30,(anonymous_1)
FN:47,(anonymous_2)
FN:77,(anonymous_3)
FN:78,(anonymous_4)
FN:93,(anonymous_5)
FN:100,(anonymous_6)
FNF:7
FNH:0
FNDA:0,gerarToken
FNDA:0,(anonymous_1)
FNDA:0,(anonymous_2)
FNDA:0,(anonymous_3)
FNDA:0,(anonymous_4)
FNDA:0,(anonymous_5)
FNDA:0,(anonymous_6)
DA:1,1
DA:2,1
DA:3,1
DA:4,1
DA:5,1
DA:6,1
DA:7,1
DA:10,1
DA:11,1
DA:14,0
DA:15,0
DA:22,0
DA:23,0
DA:30,1
DA:31,0
DA:32,0
DA:39,0
DA:40,0
DA:47,1
DA:48,0
DA:49,0
DA:51,0
DA:56,0
DA:60,0
DA:61,0
DA:68,1
DA:78,0
DA:79,0
DA:80,0
DA:81,0
DA:83,0
DA:84,0
DA:85,0
DA:92,0
DA:93,0
DA:94,0
DA:95,0
DA:99,0
DA:100,0
DA:101,0
DA:102,0
DA:106,0
DA:107,0
DA:122,0
DA:134,0
DA:135,0
DA:143,1
LF:47
LH:13
BRDA:14,0,0,0
BRDA:14,0,1,0
BRDA:31,1,0,0
BRDA:31,1,1,0
BRDA:48,2,0,0
BRDA:48,2,1,0
BRDA:80,3,0,0
BRDA:80,3,1,0
BRDA:83,4,0,0
BRDA:83,4,1,0
BRDA:92,5,0,0
BRDA:92,5,1,0
BRDA:94,6,0,0
BRDA:94,6,1,0
BRDA:101,7,0,0
BRDA:101,7,1,0
BRF:16
BRH:0
end_of_record
TN:
SF:routes/sorteio.js
FN:7,(anonymous_0)
FN:8,(anonymous_1)
FN:10,(anonymous_2)
FN:18,(anonymous_3)
FN:21,(anonymous_4)
FN:24,(anonymous_5)
FN:51,(anonymous_6)
FN:71,(anonymous_7)
FN:72,(anonymous_8)
FN:81,(anonymous_9)
FN:102,(anonymous_10)
FN:142,(anonymous_11)
FN:146,(anonymous_12)
FN:150,(anonymous_13)
FN:158,(anonymous_14)
FN:162,(anonymous_15)
FN:181,(anonymous_16)
FN:184,(anonymous_17)
FN:199,(anonymous_18)
FN:201,(anonymous_19)
FN:215,(anonymous_20)
FN:217,(anonymous_21)
FN:231,(anonymous_22)
FN:233,(anonymous_23)
FN:243,(anonymous_24)
FN:281,(anonymous_25)
FN:297,(anonymous_26)
FN:304,(anonymous_27)
FN:311,(anonymous_28)
FN:318,(anonymous_29)
FN:335,(anonymous_30)
FN:340,(anonymous_31)
FNF:32
FNH:0
FNDA:0,(anonymous_0)
FNDA:0,(anonymous_1)
FNDA:0,(anonymous_2)
FNDA:0,(anonymous_3)
FNDA:0,(anonymous_4)
FNDA:0,(anonymous_5)
FNDA:0,(anonymous_6)
FNDA:0,(anonymous_7)
FNDA:0,(anonymous_8)
FNDA:0,(anonymous_9)
FNDA:0,(anonymous_10)
FNDA:0,(anonymous_11)
FNDA:0,(anonymous_12)
FNDA:0,(anonymous_13)
FNDA:0,(anonymous_14)
FNDA:0,(anonymous_15)
FNDA:0,(anonymous_16)
FNDA:0,(anonymous_17)
FNDA:0,(anonymous_18)
FNDA:0,(anonymous_19)
FNDA:0,(anonymous_20)
FNDA:0,(anonymous_21)
FNDA:0,(anonymous_22)
FNDA:0,(anonymous_23)
FNDA:0,(anonymous_24)
FNDA:0,(anonymous_25)
FNDA:0,(anonymous_26)
FNDA:0,(anonymous_27)
FNDA:0,(anonymous_28)
FNDA:0,(anonymous_29)
FNDA:0,(anonymous_30)
FNDA:0,(anonymous_31)
DA:1,1
DA:2,1
DA:3,1
DA:4,1
DA:5,1
DA:7,1
DA:8,0
DA:9,0
DA:10,0
DA:11,0
DA:13,0
DA:14,0
DA:16,0
DA:18,0
DA:19,0
DA:21,0
DA:22,0
DA:23,0
DA:24,0
DA:25,0
DA:26,0
DA:29,0
DA:30,0
DA:32,0
DA:38,0
DA:39,0
DA:40,0
DA:45,0
DA:46,0
DA:50,0
DA:51,0
DA:52,0
DA:58,0
DA:63,0
DA:64,0
DA:65,0
DA:66,0
DA:71,1
DA:72,0
DA:73,0
DA:75,0
DA:76,0
DA:77,0
DA:82,0
DA:83,0
DA:85,0
DA:86,0
DA:97,0
DA:101,0
DA:102,0
DA:103,0
DA:106,0
DA:110,0
DA:111,0
DA:112,0
DA:114,0
DA:115,0
DA:117,0
DA:132,0
DA:133,0
DA:138,0
DA:142,1
DA:143,0
DA:146,1
DA:147,0
DA:148,0
DA:151,0
DA:152,0
DA:157,0
DA:158,0
DA:159,0
DA:162,0
DA:163,0
DA:166,0
DA:167,0
DA:168,0
DA:172,0
DA:173,0
DA:175,0
DA:182,0
DA:184,0
DA:185,0
DA:187,0
DA:188,0
DA:193,0
DA:200,0
DA:201,0
DA:202,0
DA:204,0
DA:205,0
DA:209,0
DA:216,0
DA:217,0
DA:218,0
DA:220,0
DA:221,0
DA:225,0
DA:232,0
DA:233,0
DA:234,0
DA:236,0
DA:237,0
DA:241,0
DA:242,0
DA:243,0
DA:245,0
DA:247,0
DA:249,0
DA:250,0
DA:255,0
DA:259,0
DA:260,0
DA:265,0
DA:268,0
DA:274,0
DA:280,0
DA:281,0
DA:282,0
DA:284,0
DA:291,0
DA:292,0
DA:298,0
DA:299,0
DA:305,0
DA:306,0
DA:312,0
DA:313,0
DA:319,0
DA:320,0
DA:327,0
DA:328,0
DA:335,1
DA:336,0
DA:337,0
DA:341,0
DA:342,0
DA:343,0
DA:345,0
DA:346,0
DA:347,0
DA:348,0
DA:350,0
DA:360,0
DA:361,0
DA:368,1
LF:145
LH:11
BRDA:11,0,0,0
BRDA:11,0,1,0
BRDA:23,1,0,0
BRDA:23,1,1,0
BRDA:25,2,0,0
BRDA:25,2,1,0
BRDA:29,3,0,0
BRDA:29,3,1,0
BRDA:38,4,0,0
BRDA:38,4,1,0
BRDA:73,5,0,0
BRDA:73,5,1,0
BRDA:82,6,0,0
BRDA:82,6,1,0
BRDA:85,7,0,0
BRDA:85,7,1,0
BRDA:106,8,0,0
BRDA:106,8,1,0
BRDA:107,9,0,0
BRDA:107,9,1,0
BRDA:147,10,0,0
BRDA:147,10,1,0
BRDA:151,11,0,0
BRDA:151,11,1,0
BRDA:167,12,0,0
BRDA:167,12,1,0
BRDA:187,13,0,0
BRDA:187,13,1,0
BRDA:204,14,0,0
BRDA:204,14,1,0
BRDA:220,15,0,0
BRDA:220,15,1,0
BRDA:236,16,0,0
BRDA:236,16,1,0
BRDA:246,17,0,0
BRDA:246,17,1,0
BRDA:247,18,0,0
BRDA:247,18,1,0
BRDA:250,19,0,0
BRDA:250,19,1,0
BRDA:251,20,0,0
BRDA:251,20,1,0
BRDA:265,21,0,0
BRDA:265,21,1,0
BRDA:282,22,0,0
BRDA:282,22,1,0
BRDA:336,23,0,0
BRDA:336,23,1,0
BRDA:341,24,0,0
BRDA:341,24,1,0
BRDA:345,25,0,0
BRDA:345,25,1,0
BRF:52
BRH:0
end_of_record
TN:
SF:routes/unidades.js
FN:8,(anonymous_0)
FN:9,(anonymous_1)
FN:15,(anonymous_2)
FN:31,(anonymous_3)
FN:88,(anonymous_4)
FN:89,(anonymous_5)
FN:103,(anonymous_6)
FN:148,(anonymous_7)
FN:149,(anonymous_8)
FN:163,(anonymous_9)
FN:208,(anonymous_10)
FN:209,(anonymous_11)
FN:223,(anonymous_12)
FN:260,(anonymous_13)
FN:261,(anonymous_14)
FN:274,(anonymous_15)
FNF:16
FNH:0
FNDA:0,(anonymous_0)
FNDA:0,(anonymous_1)
FNDA:0,(anonymous_2)
FNDA:0,(anonymous_3)
FNDA:0,(anonymous_4)
FNDA:0,(anonymous_5)
FNDA:0,(anonymous_6)
FNDA:0,(anonymous_7)
FNDA:0,(anonymous_8)
FNDA:0,(anonymous_9)
FNDA:0,(anonymous_10)
FNDA:0,(anonymous_11)
FNDA:0,(anonymous_12)
FNDA:0,(anonymous_13)
FNDA:0,(anonymous_14)
FNDA:0,(anonymous_15)
DA:1,1
DA:2,1
DA:3,1
DA:4,1
DA:5,1
DA:6,1
DA:8,1
DA:9,0
DA:10,0
DA:11,0
DA:12,0
DA:16,0
DA:17,0
DA:20,0
DA:24,0
DA:28,0
DA:30,0
DA:31,0
DA:32,0
DA:40,0
DA:53,0
DA:54,0
DA:63,1
DA:89,0
DA:90,0
DA:91,0
DA:92,0
DA:94,0
DA:95,0
DA:96,0
DA:97,0
DA:100,0
DA:104,0
DA:105,0
DA:107,0
DA:115,0
DA:116,0
DA:125,1
DA:149,0
DA:150,0
DA:151,0
DA:152,0
DA:154,0
DA:155,0
DA:156,0
DA:157,0
DA:160,0
DA:164,0
DA:165,0
DA:167,0
DA:175,0
DA:176,0
DA:185,1
DA:209,0
DA:210,0
DA:211,0
DA:212,0
DA:214,0
DA:215,0
DA:216,0
DA:217,0
DA:220,0
DA:224,0
DA:225,0
DA:227,0
DA:235,0
DA:236,0
DA:245,1
DA:261,0
DA:262,0
DA:263,0
DA:264,0
DA:266,0
DA:267,0
DA:268,0
DA:271,0
DA:275,0
DA:276,0
DA:278,0
DA:286,0
DA:287,0
DA:296,1
LF:82
LH:12
BRDA:10,0,0,0
BRDA:10,0,1,0
BRDA:11,1,0,0
BRDA:11,1,1,0
BRDA:16,2,0,0
BRDA:16,2,1,0
BRDA:20,3,0,0
BRDA:20,3,1,0
BRDA:91,4,0,0
BRDA:91,4,1,0
BRDA:94,5,0,0
BRDA:94,5,1,0
BRDA:104,6,0,0
BRDA:104,6,1,0
BRDA:151,7,0,0
BRDA:151,7,1,0
BRDA:154,8,0,0
BRDA:154,8,1,0
BRDA:164,9,0,0
BRDA:164,9,1,0
BRDA:211,10,0,0
BRDA:211,10,1,0
BRDA:214,11,0,0
BRDA:214,11,1,0
BRDA:224,12,0,0
BRDA:224,12,1,0
BRDA:263,13,0,0
BRDA:263,13,1,0
BRDA:266,14,0,0
BRDA:266,14,1,0
BRDA:275,15,0,0
BRDA:275,15,1,0
BRF:32
BRH:0
end_of_record
TN:
SF:routes/vagas.js
FN:8,(anonymous_0)
FN:10,(anonymous_1)
FN:15,(anonymous_2)
FN:44,(anonymous_3)
FN:80,(anonymous_4)
FN:81,(anonymous_5)
FN:90,(anonymous_6)
FNF:7
FNH:0
FNDA:0,(anonymous_0)
FNDA:0,(anonymous_1)
FNDA:0,(anonymous_2)
FNDA:0,(anonymous_3)
FNDA:0,(anonymous_4)
FNDA:0,(anonymous_5)
FNDA:0,(anonymous_6)
DA:1,1
DA:2,1
DA:3,1
DA:4,1
DA:5,1
DA:6,1
DA:8,1
DA:9,0
DA:11,0
DA:12,0
DA:16,0
DA:17,0
DA:19,0
DA:20,0
DA:31,0
DA:36,0
DA:37,0
DA:41,0
DA:43,0
DA:44,0
DA:45,0
DA:47,0
DA:65,1
DA:81,0
DA:82,0
DA:83,0
DA:84,0
DA:86,0
DA:87,0
DA:88,0
DA:89,0
DA:91,0
DA:92,0
DA:93,0
DA:95,0
DA:102,0
DA:103,0
DA:112,1
LF:38
LH:9
BRDA:11,0,0,0
BRDA:11,0,1,0
BRDA:16,1,0,0
BRDA:16,1,1,0
BRDA:19,2,0,0
BRDA:19,2,1,0
BRDA:36,3,0,0
BRDA:36,3,1,0
BRDA:83,4,0,0
BRDA:83,4,1,0
BRDA:86,5,0,0
BRDA:86,5,1,0
BRDA:91,6,0,0
BRDA:91,6,1,0
BRF:14
BRH:0
end_of_record
